{"D:\\Universidad\\Junio 2022\\AyD1\\proyecto1_g10\\BackEnd\\server.js": {"path":"D:\\Universidad\\Junio 2022\\AyD1\\proyecto1_g10\\BackEnd\\server.js","statementMap":{"0":{"start":{"line":1,"column":16},"end":{"line":1,"column":34}},"1":{"start":{"line":2,"column":19},"end":{"line":2,"column":41}},"2":{"start":{"line":3,"column":13},"end":{"line":3,"column":28}},"3":{"start":{"line":5,"column":15},"end":{"line":5,"column":32}},"4":{"start":{"line":6,"column":26},"end":{"line":6,"column":64}},"5":{"start":{"line":7,"column":24},"end":{"line":7,"column":61}},"6":{"start":{"line":8,"column":22},"end":{"line":8,"column":48}},"7":{"start":{"line":9,"column":22},"end":{"line":9,"column":60}},"8":{"start":{"line":10,"column":16},"end":{"line":10,"column":48}},"9":{"start":{"line":11,"column":15},"end":{"line":11,"column":45}},"10":{"start":{"line":12,"column":13},"end":{"line":12,"column":43}},"11":{"start":{"line":13,"column":19},"end":{"line":13,"column":51}},"12":{"start":{"line":14,"column":18},"end":{"line":14,"column":49}},"13":{"start":{"line":15,"column":14},"end":{"line":15,"column":41}},"14":{"start":{"line":16,"column":21},"end":{"line":16,"column":54}},"15":{"start":{"line":17,"column":21},"end":{"line":17,"column":49}},"16":{"start":{"line":18,"column":20},"end":{"line":18,"column":52}},"17":{"start":{"line":19,"column":29},"end":{"line":19,"column":68}},"18":{"start":{"line":20,"column":16},"end":{"line":20,"column":45}},"19":{"start":{"line":22,"column":12},"end":{"line":22,"column":21}},"20":{"start":{"line":23,"column":15},"end":{"line":23,"column":31}},"21":{"start":{"line":25,"column":0},"end":{"line":25,"column":27}},"22":{"start":{"line":26,"column":0},"end":{"line":26,"column":51}},"23":{"start":{"line":28,"column":0},"end":{"line":33,"column":4}},"24":{"start":{"line":34,"column":0},"end":{"line":34,"column":27}},"25":{"start":{"line":35,"column":0},"end":{"line":35,"column":51}},"26":{"start":{"line":37,"column":0},"end":{"line":43,"column":3}},"27":{"start":{"line":38,"column":1},"end":{"line":38,"column":48}},"28":{"start":{"line":39,"column":1},"end":{"line":39,"column":157}},"29":{"start":{"line":40,"column":1},"end":{"line":40,"column":79}},"30":{"start":{"line":41,"column":1},"end":{"line":41,"column":56}},"31":{"start":{"line":42,"column":1},"end":{"line":42,"column":8}},"32":{"start":{"line":45,"column":0},"end":{"line":45,"column":85}},"33":{"start":{"line":46,"column":0},"end":{"line":46,"column":92}},"34":{"start":{"line":47,"column":0},"end":{"line":47,"column":90}},"35":{"start":{"line":48,"column":0},"end":{"line":48,"column":84}},"36":{"start":{"line":49,"column":0},"end":{"line":49,"column":88}},"37":{"start":{"line":50,"column":0},"end":{"line":50,"column":98}},"38":{"start":{"line":51,"column":0},"end":{"line":51,"column":101}},"39":{"start":{"line":52,"column":0},"end":{"line":52,"column":92}},"40":{"start":{"line":53,"column":0},"end":{"line":53,"column":93}},"41":{"start":{"line":54,"column":0},"end":{"line":54,"column":95}},"42":{"start":{"line":55,"column":0},"end":{"line":55,"column":92}},"43":{"start":{"line":56,"column":0},"end":{"line":56,"column":94}},"44":{"start":{"line":58,"column":0},"end":{"line":58,"column":88}},"45":{"start":{"line":59,"column":0},"end":{"line":59,"column":84}},"46":{"start":{"line":60,"column":0},"end":{"line":60,"column":90}},"47":{"start":{"line":61,"column":0},"end":{"line":61,"column":86}},"48":{"start":{"line":63,"column":0},"end":{"line":63,"column":90}},"49":{"start":{"line":64,"column":0},"end":{"line":64,"column":90}},"50":{"start":{"line":66,"column":0},"end":{"line":66,"column":80}},"51":{"start":{"line":67,"column":0},"end":{"line":67,"column":82}},"52":{"start":{"line":68,"column":0},"end":{"line":68,"column":74}},"53":{"start":{"line":69,"column":0},"end":{"line":69,"column":96}},"54":{"start":{"line":70,"column":0},"end":{"line":70,"column":91}},"55":{"start":{"line":71,"column":0},"end":{"line":71,"column":95}},"56":{"start":{"line":72,"column":0},"end":{"line":72,"column":95}},"57":{"start":{"line":73,"column":0},"end":{"line":73,"column":93}},"58":{"start":{"line":74,"column":0},"end":{"line":74,"column":88}},"59":{"start":{"line":75,"column":0},"end":{"line":75,"column":92}},"60":{"start":{"line":76,"column":0},"end":{"line":76,"column":92}},"61":{"start":{"line":77,"column":0},"end":{"line":77,"column":81}},"62":{"start":{"line":78,"column":0},"end":{"line":78,"column":76}},"63":{"start":{"line":79,"column":0},"end":{"line":79,"column":80}},"64":{"start":{"line":80,"column":0},"end":{"line":80,"column":80}},"65":{"start":{"line":81,"column":0},"end":{"line":81,"column":120}},"66":{"start":{"line":82,"column":0},"end":{"line":82,"column":115}},"67":{"start":{"line":83,"column":0},"end":{"line":83,"column":119}},"68":{"start":{"line":84,"column":0},"end":{"line":84,"column":119}},"69":{"start":{"line":85,"column":0},"end":{"line":85,"column":110}},"70":{"start":{"line":86,"column":0},"end":{"line":86,"column":105}},"71":{"start":{"line":87,"column":0},"end":{"line":87,"column":109}},"72":{"start":{"line":88,"column":0},"end":{"line":88,"column":109}},"73":{"start":{"line":89,"column":0},"end":{"line":89,"column":107}},"74":{"start":{"line":90,"column":0},"end":{"line":90,"column":102}},"75":{"start":{"line":91,"column":0},"end":{"line":91,"column":106}},"76":{"start":{"line":92,"column":0},"end":{"line":92,"column":106}},"77":{"start":{"line":93,"column":0},"end":{"line":93,"column":111}},"78":{"start":{"line":94,"column":0},"end":{"line":94,"column":87}},"79":{"start":{"line":95,"column":0},"end":{"line":95,"column":82}},"80":{"start":{"line":96,"column":0},"end":{"line":96,"column":86}},"81":{"start":{"line":97,"column":0},"end":{"line":97,"column":86}},"82":{"start":{"line":98,"column":0},"end":{"line":98,"column":98}},"83":{"start":{"line":99,"column":0},"end":{"line":99,"column":21}},"84":{"start":{"line":100,"column":0},"end":{"line":100,"column":21}}},"fnMap":{"0":{"name":"(anonymous_0)","decl":{"start":{"line":37,"column":8},"end":{"line":37,"column":9}},"loc":{"start":{"line":37,"column":28},"end":{"line":43,"column":1}},"line":37}},"branchMap":{},"s":{"0":13,"1":13,"2":13,"3":13,"4":13,"5":13,"6":13,"7":13,"8":13,"9":13,"10":13,"11":13,"12":13,"13":13,"14":13,"15":13,"16":13,"17":13,"18":13,"19":13,"20":13,"21":13,"22":13,"23":13,"24":13,"25":13,"26":13,"27":100,"28":100,"29":100,"30":100,"31":100,"32":13,"33":13,"34":13,"35":13,"36":13,"37":13,"38":13,"39":13,"40":13,"41":13,"42":13,"43":13,"44":13,"45":13,"46":13,"47":13,"48":13,"49":13,"50":13,"51":13,"52":13,"53":13,"54":13,"55":13,"56":13,"57":13,"58":13,"59":13,"60":13,"61":13,"62":13,"63":13,"64":13,"65":13,"66":13,"67":13,"68":13,"69":13,"70":13,"71":13,"72":13,"73":13,"74":13,"75":13,"76":13,"77":13,"78":13,"79":13,"80":13,"81":13,"82":13,"83":13,"84":13},"f":{"0":100},"b":{},"_coverageSchema":"1a1c01bbd47fc00a2c39e90264f33305004495a9","hash":"5dd284a3a012e90311878fdadf01dc988989ac91"}
,"D:\\Universidad\\Junio 2022\\AyD1\\proyecto1_g10\\BackEnd\\config\\connectDb.js": {"path":"D:\\Universidad\\Junio 2022\\AyD1\\proyecto1_g10\\BackEnd\\config\\connectDb.js","statementMap":{"0":{"start":{"line":2,"column":14},"end":{"line":2,"column":30}},"1":{"start":{"line":3,"column":15},"end":{"line":3,"column":32}},"2":{"start":{"line":6,"column":13},"end":{"line":12,"column":2}},"3":{"start":{"line":14,"column":14},"end":{"line":30,"column":2}},"4":{"start":{"line":14,"column":23},"end":{"line":30,"column":2}},"5":{"start":{"line":15,"column":1},"end":{"line":29,"column":4}},"6":{"start":{"line":16,"column":2},"end":{"line":28,"column":3}},"7":{"start":{"line":17,"column":3},"end":{"line":17,"column":15}},"8":{"start":{"line":19,"column":3},"end":{"line":27,"column":6}},"9":{"start":{"line":20,"column":4},"end":{"line":24,"column":5}},"10":{"start":{"line":21,"column":5},"end":{"line":21,"column":19}},"11":{"start":{"line":23,"column":5},"end":{"line":23,"column":19}},"12":{"start":{"line":26,"column":4},"end":{"line":26,"column":23}},"13":{"start":{"line":32,"column":0},"end":{"line":32,"column":23}}},"fnMap":{"0":{"name":"(anonymous_0)","decl":{"start":{"line":14,"column":14},"end":{"line":14,"column":15}},"loc":{"start":{"line":14,"column":23},"end":{"line":30,"column":2}},"line":14},"1":{"name":"(anonymous_1)","decl":{"start":{"line":14,"column":35},"end":{"line":14,"column":36}},"loc":{"start":{"line":14,"column":56},"end":{"line":30,"column":1}},"line":14},"2":{"name":"(anonymous_2)","decl":{"start":{"line":15,"column":20},"end":{"line":15,"column":21}},"loc":{"start":{"line":15,"column":39},"end":{"line":29,"column":2}},"line":15},"3":{"name":"(anonymous_3)","decl":{"start":{"line":19,"column":23},"end":{"line":19,"column":24}},"loc":{"start":{"line":19,"column":40},"end":{"line":27,"column":4}},"line":19}},"branchMap":{"0":{"loc":{"start":{"line":16,"column":2},"end":{"line":28,"column":3}},"type":"if","locations":[{"start":{"line":16,"column":2},"end":{"line":28,"column":3}},{"start":{"line":18,"column":9},"end":{"line":28,"column":3}}],"line":16},"1":{"loc":{"start":{"line":20,"column":4},"end":{"line":24,"column":5}},"type":"if","locations":[{"start":{"line":20,"column":4},"end":{"line":24,"column":5}},{"start":{"line":22,"column":11},"end":{"line":24,"column":5}}],"line":20}},"s":{"0":13,"1":13,"2":13,"3":13,"4":1,"5":1,"6":1,"7":0,"8":1,"9":1,"10":0,"11":1,"12":1,"13":13},"f":{"0":1,"1":1,"2":1,"3":1},"b":{"0":[0,1],"1":[0,1]},"_coverageSchema":"1a1c01bbd47fc00a2c39e90264f33305004495a9","hash":"7b8cb217d95b5aff937f8572e862cfd6f0fc9a0c"}
,"D:\\Universidad\\Junio 2022\\AyD1\\proyecto1_g10\\BackEnd\\config\\connectDb2.js": {"path":"D:\\Universidad\\Junio 2022\\AyD1\\proyecto1_g10\\BackEnd\\config\\connectDb2.js","statementMap":{"0":{"start":{"line":1,"column":14},"end":{"line":1,"column":30}},"1":{"start":{"line":2,"column":15},"end":{"line":2,"column":32}},"2":{"start":{"line":4,"column":19},"end":{"line":10,"column":2}},"3":{"start":{"line":12,"column":0},"end":{"line":15,"column":3}},"4":{"start":{"line":13,"column":1},"end":{"line":14,"column":61}},"5":{"start":{"line":13,"column":10},"end":{"line":13,"column":80}},"6":{"start":{"line":14,"column":6},"end":{"line":14,"column":61}},"7":{"start":{"line":17,"column":0},"end":{"line":17,"column":28}}},"fnMap":{"0":{"name":"(anonymous_0)","decl":{"start":{"line":12,"column":19},"end":{"line":12,"column":20}},"loc":{"start":{"line":12,"column":28},"end":{"line":15,"column":1}},"line":12}},"branchMap":{"0":{"loc":{"start":{"line":13,"column":1},"end":{"line":14,"column":61}},"type":"if","locations":[{"start":{"line":13,"column":1},"end":{"line":14,"column":61}},{"start":{"line":14,"column":6},"end":{"line":14,"column":61}}],"line":13}},"s":{"0":13,"1":13,"2":13,"3":13,"4":12,"5":0,"6":12,"7":13},"f":{"0":12},"b":{"0":[0,12]},"_coverageSchema":"1a1c01bbd47fc00a2c39e90264f33305004495a9","hash":"81ee4675d344b658dd74ae333c524613e87766be"}
,"D:\\Universidad\\Junio 2022\\AyD1\\proyecto1_g10\\BackEnd\\services\\Automovil.js": {"path":"D:\\Universidad\\Junio 2022\\AyD1\\proyecto1_g10\\BackEnd\\services\\Automovil.js","statementMap":{"0":{"start":{"line":1,"column":15},"end":{"line":1,"column":32}},"1":{"start":{"line":2,"column":19},"end":{"line":2,"column":50}},"2":{"start":{"line":9,"column":4},"end":{"line":9,"column":27}},"3":{"start":{"line":12,"column":1},"end":{"line":12,"column":41}},"4":{"start":{"line":15,"column":0},"end":{"line":51,"column":2}},"5":{"start":{"line":24,"column":5},"end":{"line":24,"column":13}},"6":{"start":{"line":25,"column":1},"end":{"line":27,"column":2}},"7":{"start":{"line":26,"column":2},"end":{"line":26,"column":76}},"8":{"start":{"line":28,"column":1},"end":{"line":30,"column":2}},"9":{"start":{"line":29,"column":2},"end":{"line":29,"column":72}},"10":{"start":{"line":31,"column":1},"end":{"line":33,"column":2}},"11":{"start":{"line":32,"column":2},"end":{"line":32,"column":73}},"12":{"start":{"line":34,"column":1},"end":{"line":36,"column":2}},"13":{"start":{"line":35,"column":2},"end":{"line":35,"column":73}},"14":{"start":{"line":37,"column":1},"end":{"line":39,"column":2}},"15":{"start":{"line":38,"column":2},"end":{"line":38,"column":83}},"16":{"start":{"line":40,"column":1},"end":{"line":42,"column":2}},"17":{"start":{"line":41,"column":2},"end":{"line":41,"column":85}},"18":{"start":{"line":43,"column":1},"end":{"line":45,"column":2}},"19":{"start":{"line":44,"column":2},"end":{"line":44,"column":82}},"20":{"start":{"line":46,"column":14},"end":{"line":46,"column":38}},"21":{"start":{"line":48,"column":16},"end":{"line":48,"column":100}},"22":{"start":{"line":50,"column":1},"end":{"line":50,"column":100}},"23":{"start":{"line":53,"column":0},"end":{"line":67,"column":2}},"24":{"start":{"line":54,"column":21},"end":{"line":54,"column":49}},"25":{"start":{"line":55,"column":14},"end":{"line":55,"column":16}},"26":{"start":{"line":56,"column":13},"end":{"line":56,"column":51}},"27":{"start":{"line":58,"column":1},"end":{"line":60,"column":2}},"28":{"start":{"line":58,"column":14},"end":{"line":58,"column":15}},"29":{"start":{"line":59,"column":2},"end":{"line":59,"column":48}},"30":{"start":{"line":62,"column":1},"end":{"line":64,"column":2}},"31":{"start":{"line":62,"column":18},"end":{"line":62,"column":19}},"32":{"start":{"line":63,"column":2},"end":{"line":63,"column":35}},"33":{"start":{"line":66,"column":1},"end":{"line":66,"column":39}},"34":{"start":{"line":69,"column":0},"end":{"line":90,"column":2}},"35":{"start":{"line":80,"column":5},"end":{"line":80,"column":13}},"36":{"start":{"line":81,"column":19},"end":{"line":81,"column":65}},"37":{"start":{"line":82,"column":1},"end":{"line":84,"column":2}},"38":{"start":{"line":83,"column":2},"end":{"line":83,"column":57}},"39":{"start":{"line":85,"column":14},"end":{"line":85,"column":38}},"40":{"start":{"line":87,"column":16},"end":{"line":87,"column":117}},"41":{"start":{"line":89,"column":1},"end":{"line":89,"column":106}},"42":{"start":{"line":92,"column":0},"end":{"line":104,"column":2}},"43":{"start":{"line":95,"column":5},"end":{"line":95,"column":13}},"44":{"start":{"line":96,"column":19},"end":{"line":96,"column":65}},"45":{"start":{"line":97,"column":1},"end":{"line":99,"column":2}},"46":{"start":{"line":98,"column":2},"end":{"line":98,"column":57}},"47":{"start":{"line":101,"column":16},"end":{"line":101,"column":57}},"48":{"start":{"line":103,"column":1},"end":{"line":103,"column":104}}},"fnMap":{"0":{"name":"reverse","decl":{"start":{"line":11,"column":9},"end":{"line":11,"column":16}},"loc":{"start":{"line":11,"column":20},"end":{"line":13,"column":1}},"line":11},"1":{"name":"(anonymous_1)","decl":{"start":{"line":15,"column":26},"end":{"line":15,"column":27}},"loc":{"start":{"line":15,"column":46},"end":{"line":51,"column":1}},"line":15},"2":{"name":"(anonymous_2)","decl":{"start":{"line":53,"column":24},"end":{"line":53,"column":25}},"loc":{"start":{"line":53,"column":44},"end":{"line":67,"column":1}},"line":53},"3":{"name":"(anonymous_3)","decl":{"start":{"line":69,"column":26},"end":{"line":69,"column":27}},"loc":{"start":{"line":69,"column":46},"end":{"line":90,"column":1}},"line":69},"4":{"name":"(anonymous_4)","decl":{"start":{"line":92,"column":26},"end":{"line":92,"column":27}},"loc":{"start":{"line":92,"column":46},"end":{"line":104,"column":1}},"line":92}},"branchMap":{"0":{"loc":{"start":{"line":25,"column":1},"end":{"line":27,"column":2}},"type":"if","locations":[{"start":{"line":25,"column":1},"end":{"line":27,"column":2}},{"start":{},"end":{}}],"line":25},"1":{"loc":{"start":{"line":28,"column":1},"end":{"line":30,"column":2}},"type":"if","locations":[{"start":{"line":28,"column":1},"end":{"line":30,"column":2}},{"start":{},"end":{}}],"line":28},"2":{"loc":{"start":{"line":31,"column":1},"end":{"line":33,"column":2}},"type":"if","locations":[{"start":{"line":31,"column":1},"end":{"line":33,"column":2}},{"start":{},"end":{}}],"line":31},"3":{"loc":{"start":{"line":34,"column":1},"end":{"line":36,"column":2}},"type":"if","locations":[{"start":{"line":34,"column":1},"end":{"line":36,"column":2}},{"start":{},"end":{}}],"line":34},"4":{"loc":{"start":{"line":37,"column":1},"end":{"line":39,"column":2}},"type":"if","locations":[{"start":{"line":37,"column":1},"end":{"line":39,"column":2}},{"start":{},"end":{}}],"line":37},"5":{"loc":{"start":{"line":40,"column":1},"end":{"line":42,"column":2}},"type":"if","locations":[{"start":{"line":40,"column":1},"end":{"line":42,"column":2}},{"start":{},"end":{}}],"line":40},"6":{"loc":{"start":{"line":43,"column":1},"end":{"line":45,"column":2}},"type":"if","locations":[{"start":{"line":43,"column":1},"end":{"line":45,"column":2}},{"start":{},"end":{}}],"line":43},"7":{"loc":{"start":{"line":82,"column":1},"end":{"line":84,"column":2}},"type":"if","locations":[{"start":{"line":82,"column":1},"end":{"line":84,"column":2}},{"start":{},"end":{}}],"line":82},"8":{"loc":{"start":{"line":97,"column":1},"end":{"line":99,"column":2}},"type":"if","locations":[{"start":{"line":97,"column":1},"end":{"line":99,"column":2}},{"start":{},"end":{}}],"line":97}},"s":{"0":13,"1":13,"2":13,"3":2,"4":13,"5":8,"6":8,"7":1,"8":7,"9":1,"10":6,"11":1,"12":5,"13":1,"14":4,"15":1,"16":3,"17":1,"18":2,"19":1,"20":1,"21":1,"22":1,"23":13,"24":1,"25":1,"26":1,"27":1,"28":1,"29":81,"30":1,"31":1,"32":81,"33":1,"34":13,"35":2,"36":2,"37":2,"38":1,"39":1,"40":1,"41":1,"42":13,"43":2,"44":2,"45":2,"46":1,"47":1,"48":1},"f":{"0":2,"1":8,"2":1,"3":2,"4":2},"b":{"0":[1,7],"1":[1,6],"2":[1,5],"3":[1,4],"4":[1,3],"5":[1,2],"6":[1,1],"7":[1,1],"8":[1,1]},"_coverageSchema":"1a1c01bbd47fc00a2c39e90264f33305004495a9","hash":"4521c691f07baffb71c7d38eac2d7e92251659ec"}
,"D:\\Universidad\\Junio 2022\\AyD1\\proyecto1_g10\\BackEnd\\services\\FindCity.js": {"path":"D:\\Universidad\\Junio 2022\\AyD1\\proyecto1_g10\\BackEnd\\services\\FindCity.js","statementMap":{"0":{"start":{"line":1,"column":19},"end":{"line":1,"column":50}},"1":{"start":{"line":2,"column":23},"end":{"line":2,"column":46}},"2":{"start":{"line":4,"column":0},"end":{"line":15,"column":2}},"3":{"start":{"line":5,"column":14},"end":{"line":5,"column":42}},"4":{"start":{"line":6,"column":1},"end":{"line":8,"column":2}},"5":{"start":{"line":7,"column":2},"end":{"line":7,"column":57}},"6":{"start":{"line":9,"column":18},"end":{"line":9,"column":20}},"7":{"start":{"line":11,"column":1},"end":{"line":13,"column":2}},"8":{"start":{"line":11,"column":18},"end":{"line":11,"column":19}},"9":{"start":{"line":12,"column":2},"end":{"line":12,"column":32}},"10":{"start":{"line":14,"column":1},"end":{"line":14,"column":43}}},"fnMap":{"0":{"name":"(anonymous_0)","decl":{"start":{"line":4,"column":20},"end":{"line":4,"column":21}},"loc":{"start":{"line":4,"column":40},"end":{"line":15,"column":1}},"line":4}},"branchMap":{"0":{"loc":{"start":{"line":6,"column":1},"end":{"line":8,"column":2}},"type":"if","locations":[{"start":{"line":6,"column":1},"end":{"line":8,"column":2}},{"start":{},"end":{}}],"line":6}},"s":{"0":13,"1":13,"2":13,"3":1,"4":1,"5":0,"6":1,"7":1,"8":1,"9":2,"10":1},"f":{"0":1},"b":{"0":[0,1]},"_coverageSchema":"1a1c01bbd47fc00a2c39e90264f33305004495a9","hash":"35707ec52ee4b7629bd8dcb76baa872e32b5629d"}
,"D:\\Universidad\\Junio 2022\\AyD1\\proyecto1_g10\\BackEnd\\services\\FindUser.js": {"path":"D:\\Universidad\\Junio 2022\\AyD1\\proyecto1_g10\\BackEnd\\services\\FindUser.js","statementMap":{"0":{"start":{"line":1,"column":12},"end":{"line":1,"column":26}},"1":{"start":{"line":2,"column":19},"end":{"line":2,"column":50}},"2":{"start":{"line":3,"column":42},"end":{"line":3,"column":65}},"3":{"start":{"line":5,"column":0},"end":{"line":24,"column":2}},"4":{"start":{"line":8,"column":5},"end":{"line":8,"column":13}},"5":{"start":{"line":9,"column":14},"end":{"line":9,"column":59}},"6":{"start":{"line":10,"column":1},"end":{"line":12,"column":2}},"7":{"start":{"line":11,"column":2},"end":{"line":11,"column":55}},"8":{"start":{"line":13,"column":14},"end":{"line":21,"column":2}},"9":{"start":{"line":23,"column":1},"end":{"line":23,"column":39}},"10":{"start":{"line":26,"column":0},"end":{"line":42,"column":2}},"11":{"start":{"line":33,"column":5},"end":{"line":33,"column":13}},"12":{"start":{"line":34,"column":14},"end":{"line":34,"column":59}},"13":{"start":{"line":35,"column":1},"end":{"line":37,"column":2}},"14":{"start":{"line":36,"column":2},"end":{"line":36,"column":55}},"15":{"start":{"line":38,"column":21},"end":{"line":38,"column":30}},"16":{"start":{"line":39,"column":14},"end":{"line":39,"column":55}},"17":{"start":{"line":40,"column":16},"end":{"line":40,"column":89}},"18":{"start":{"line":41,"column":1},"end":{"line":41,"column":103}}},"fnMap":{"0":{"name":"(anonymous_0)","decl":{"start":{"line":5,"column":20},"end":{"line":5,"column":21}},"loc":{"start":{"line":5,"column":40},"end":{"line":24,"column":1}},"line":5},"1":{"name":"(anonymous_1)","decl":{"start":{"line":26,"column":23},"end":{"line":26,"column":24}},"loc":{"start":{"line":26,"column":43},"end":{"line":42,"column":1}},"line":26}},"branchMap":{"0":{"loc":{"start":{"line":10,"column":1},"end":{"line":12,"column":2}},"type":"if","locations":[{"start":{"line":10,"column":1},"end":{"line":12,"column":2}},{"start":{},"end":{}}],"line":10},"1":{"loc":{"start":{"line":35,"column":1},"end":{"line":37,"column":2}},"type":"if","locations":[{"start":{"line":35,"column":1},"end":{"line":37,"column":2}},{"start":{},"end":{}}],"line":35}},"s":{"0":13,"1":13,"2":13,"3":13,"4":2,"5":2,"6":2,"7":1,"8":1,"9":1,"10":13,"11":2,"12":2,"13":2,"14":1,"15":1,"16":1,"17":1,"18":1},"f":{"0":2,"1":2},"b":{"0":[1,1],"1":[1,1]},"_coverageSchema":"1a1c01bbd47fc00a2c39e90264f33305004495a9","hash":"d6984967f97788da8f248df48773b665b5e54fb0"}
,"D:\\Universidad\\Junio 2022\\AyD1\\proyecto1_g10\\BackEnd\\services\\GetReservaUsuario.js": {"path":"D:\\Universidad\\Junio 2022\\AyD1\\proyecto1_g10\\BackEnd\\services\\GetReservaUsuario.js","statementMap":{"0":{"start":{"line":1,"column":19},"end":{"line":1,"column":50}},"1":{"start":{"line":6,"column":4},"end":{"line":6,"column":27}},"2":{"start":{"line":8,"column":0},"end":{"line":35,"column":2}},"3":{"start":{"line":11,"column":5},"end":{"line":11,"column":13}},"4":{"start":{"line":12,"column":1},"end":{"line":14,"column":2}},"5":{"start":{"line":13,"column":2},"end":{"line":13,"column":70}},"6":{"start":{"line":15,"column":21},"end":{"line":15,"column":23}},"7":{"start":{"line":16,"column":22},"end":{"line":16,"column":24}},"8":{"start":{"line":17,"column":22},"end":{"line":17,"column":24}},"9":{"start":{"line":18,"column":15},"end":{"line":18,"column":66}},"10":{"start":{"line":19,"column":16},"end":{"line":19,"column":68}},"11":{"start":{"line":20,"column":17},"end":{"line":20,"column":69}},"12":{"start":{"line":23,"column":1},"end":{"line":25,"column":2}},"13":{"start":{"line":23,"column":18},"end":{"line":23,"column":19}},"14":{"start":{"line":24,"column":2},"end":{"line":24,"column":36}},"15":{"start":{"line":27,"column":1},"end":{"line":29,"column":2}},"16":{"start":{"line":27,"column":18},"end":{"line":27,"column":19}},"17":{"start":{"line":28,"column":2},"end":{"line":28,"column":38}},"18":{"start":{"line":31,"column":1},"end":{"line":33,"column":2}},"19":{"start":{"line":31,"column":18},"end":{"line":31,"column":19}},"20":{"start":{"line":32,"column":2},"end":{"line":32,"column":39}},"21":{"start":{"line":34,"column":1},"end":{"line":34,"column":74}}},"fnMap":{"0":{"name":"(anonymous_0)","decl":{"start":{"line":8,"column":28},"end":{"line":8,"column":29}},"loc":{"start":{"line":8,"column":48},"end":{"line":35,"column":1}},"line":8}},"branchMap":{"0":{"loc":{"start":{"line":12,"column":1},"end":{"line":14,"column":2}},"type":"if","locations":[{"start":{"line":12,"column":1},"end":{"line":14,"column":2}},{"start":{},"end":{}}],"line":12}},"s":{"0":13,"1":13,"2":13,"3":2,"4":2,"5":1,"6":1,"7":1,"8":1,"9":1,"10":1,"11":1,"12":1,"13":1,"14":0,"15":1,"16":1,"17":0,"18":1,"19":1,"20":0,"21":1},"f":{"0":2},"b":{"0":[1,1]},"_coverageSchema":"1a1c01bbd47fc00a2c39e90264f33305004495a9","hash":"dd8c7f8ea9858dbe88f5b98c75df994ae4099c0a"}
,"D:\\Universidad\\Junio 2022\\AyD1\\proyecto1_g10\\BackEnd\\services\\Habitacion.js": {"path":"D:\\Universidad\\Junio 2022\\AyD1\\proyecto1_g10\\BackEnd\\services\\Habitacion.js","statementMap":{"0":{"start":{"line":1,"column":15},"end":{"line":1,"column":32}},"1":{"start":{"line":2,"column":19},"end":{"line":2,"column":50}},"2":{"start":{"line":9,"column":4},"end":{"line":9,"column":27}},"3":{"start":{"line":12,"column":1},"end":{"line":12,"column":41}},"4":{"start":{"line":15,"column":0},"end":{"line":47,"column":2}},"5":{"start":{"line":23,"column":5},"end":{"line":23,"column":13}},"6":{"start":{"line":24,"column":1},"end":{"line":26,"column":2}},"7":{"start":{"line":25,"column":2},"end":{"line":25,"column":84}},"8":{"start":{"line":27,"column":1},"end":{"line":29,"column":2}},"9":{"start":{"line":28,"column":2},"end":{"line":28,"column":77}},"10":{"start":{"line":30,"column":1},"end":{"line":32,"column":2}},"11":{"start":{"line":31,"column":2},"end":{"line":31,"column":77}},"12":{"start":{"line":33,"column":1},"end":{"line":35,"column":2}},"13":{"start":{"line":34,"column":2},"end":{"line":34,"column":91}},"14":{"start":{"line":36,"column":1},"end":{"line":38,"column":2}},"15":{"start":{"line":37,"column":2},"end":{"line":37,"column":75}},"16":{"start":{"line":39,"column":1},"end":{"line":41,"column":2}},"17":{"start":{"line":40,"column":2},"end":{"line":40,"column":82}},"18":{"start":{"line":42,"column":14},"end":{"line":42,"column":38}},"19":{"start":{"line":44,"column":16},"end":{"line":44,"column":112}},"20":{"start":{"line":46,"column":1},"end":{"line":46,"column":101}},"21":{"start":{"line":49,"column":0},"end":{"line":62,"column":2}},"22":{"start":{"line":50,"column":22},"end":{"line":50,"column":51}},"23":{"start":{"line":51,"column":14},"end":{"line":51,"column":16}},"24":{"start":{"line":52,"column":13},"end":{"line":52,"column":51}},"25":{"start":{"line":54,"column":1},"end":{"line":56,"column":2}},"26":{"start":{"line":54,"column":14},"end":{"line":54,"column":15}},"27":{"start":{"line":55,"column":2},"end":{"line":55,"column":50}},"28":{"start":{"line":58,"column":1},"end":{"line":60,"column":2}},"29":{"start":{"line":58,"column":18},"end":{"line":58,"column":19}},"30":{"start":{"line":59,"column":2},"end":{"line":59,"column":36}},"31":{"start":{"line":61,"column":1},"end":{"line":61,"column":39}},"32":{"start":{"line":64,"column":0},"end":{"line":82,"column":2}},"33":{"start":{"line":72,"column":5},"end":{"line":72,"column":13}},"34":{"start":{"line":73,"column":20},"end":{"line":73,"column":68}},"35":{"start":{"line":74,"column":1},"end":{"line":76,"column":2}},"36":{"start":{"line":75,"column":2},"end":{"line":75,"column":58}},"37":{"start":{"line":77,"column":14},"end":{"line":77,"column":38}},"38":{"start":{"line":79,"column":16},"end":{"line":79,"column":103}},"39":{"start":{"line":81,"column":1},"end":{"line":81,"column":41}},"40":{"start":{"line":84,"column":0},"end":{"line":96,"column":2}},"41":{"start":{"line":87,"column":5},"end":{"line":87,"column":13}},"42":{"start":{"line":88,"column":20},"end":{"line":88,"column":68}},"43":{"start":{"line":89,"column":1},"end":{"line":91,"column":2}},"44":{"start":{"line":90,"column":2},"end":{"line":90,"column":58}},"45":{"start":{"line":93,"column":16},"end":{"line":93,"column":59}},"46":{"start":{"line":95,"column":1},"end":{"line":95,"column":41}}},"fnMap":{"0":{"name":"reverse","decl":{"start":{"line":11,"column":9},"end":{"line":11,"column":16}},"loc":{"start":{"line":11,"column":20},"end":{"line":13,"column":1}},"line":11},"1":{"name":"(anonymous_1)","decl":{"start":{"line":15,"column":27},"end":{"line":15,"column":28}},"loc":{"start":{"line":15,"column":47},"end":{"line":47,"column":1}},"line":15},"2":{"name":"(anonymous_2)","decl":{"start":{"line":49,"column":25},"end":{"line":49,"column":26}},"loc":{"start":{"line":49,"column":45},"end":{"line":62,"column":1}},"line":49},"3":{"name":"(anonymous_3)","decl":{"start":{"line":64,"column":27},"end":{"line":64,"column":28}},"loc":{"start":{"line":64,"column":47},"end":{"line":82,"column":1}},"line":64},"4":{"name":"(anonymous_4)","decl":{"start":{"line":84,"column":27},"end":{"line":84,"column":28}},"loc":{"start":{"line":84,"column":47},"end":{"line":96,"column":1}},"line":84}},"branchMap":{"0":{"loc":{"start":{"line":24,"column":1},"end":{"line":26,"column":2}},"type":"if","locations":[{"start":{"line":24,"column":1},"end":{"line":26,"column":2}},{"start":{},"end":{}}],"line":24},"1":{"loc":{"start":{"line":27,"column":1},"end":{"line":29,"column":2}},"type":"if","locations":[{"start":{"line":27,"column":1},"end":{"line":29,"column":2}},{"start":{},"end":{}}],"line":27},"2":{"loc":{"start":{"line":30,"column":1},"end":{"line":32,"column":2}},"type":"if","locations":[{"start":{"line":30,"column":1},"end":{"line":32,"column":2}},{"start":{},"end":{}}],"line":30},"3":{"loc":{"start":{"line":33,"column":1},"end":{"line":35,"column":2}},"type":"if","locations":[{"start":{"line":33,"column":1},"end":{"line":35,"column":2}},{"start":{},"end":{}}],"line":33},"4":{"loc":{"start":{"line":36,"column":1},"end":{"line":38,"column":2}},"type":"if","locations":[{"start":{"line":36,"column":1},"end":{"line":38,"column":2}},{"start":{},"end":{}}],"line":36},"5":{"loc":{"start":{"line":39,"column":1},"end":{"line":41,"column":2}},"type":"if","locations":[{"start":{"line":39,"column":1},"end":{"line":41,"column":2}},{"start":{},"end":{}}],"line":39},"6":{"loc":{"start":{"line":74,"column":1},"end":{"line":76,"column":2}},"type":"if","locations":[{"start":{"line":74,"column":1},"end":{"line":76,"column":2}},{"start":{},"end":{}}],"line":74},"7":{"loc":{"start":{"line":89,"column":1},"end":{"line":91,"column":2}},"type":"if","locations":[{"start":{"line":89,"column":1},"end":{"line":91,"column":2}},{"start":{},"end":{}}],"line":89}},"s":{"0":13,"1":13,"2":13,"3":2,"4":13,"5":8,"6":8,"7":1,"8":7,"9":1,"10":6,"11":1,"12":5,"13":1,"14":4,"15":1,"16":3,"17":2,"18":1,"19":1,"20":1,"21":13,"22":1,"23":1,"24":1,"25":1,"26":1,"27":45,"28":1,"29":1,"30":45,"31":1,"32":13,"33":2,"34":2,"35":2,"36":1,"37":1,"38":1,"39":1,"40":13,"41":2,"42":2,"43":2,"44":1,"45":1,"46":1},"f":{"0":2,"1":8,"2":1,"3":2,"4":2},"b":{"0":[1,7],"1":[1,6],"2":[1,5],"3":[1,4],"4":[1,3],"5":[2,1],"6":[1,1],"7":[1,1]},"_coverageSchema":"1a1c01bbd47fc00a2c39e90264f33305004495a9","hash":"bb9baf82871e013b6d3df3c7d4a85cd964761635"}
,"D:\\Universidad\\Junio 2022\\AyD1\\proyecto1_g10\\BackEnd\\services\\RAutomovil.js": {"path":"D:\\Universidad\\Junio 2022\\AyD1\\proyecto1_g10\\BackEnd\\services\\RAutomovil.js","statementMap":{"0":{"start":{"line":1,"column":19},"end":{"line":1,"column":50}},"1":{"start":{"line":8,"column":4},"end":{"line":8,"column":27}},"2":{"start":{"line":11,"column":1},"end":{"line":11,"column":41}},"3":{"start":{"line":14,"column":0},"end":{"line":43,"column":2}},"4":{"start":{"line":21,"column":5},"end":{"line":21,"column":13}},"5":{"start":{"line":22,"column":1},"end":{"line":24,"column":2}},"6":{"start":{"line":23,"column":2},"end":{"line":23,"column":86}},"7":{"start":{"line":25,"column":1},"end":{"line":27,"column":2}},"8":{"start":{"line":26,"column":2},"end":{"line":26,"column":77}},"9":{"start":{"line":28,"column":1},"end":{"line":30,"column":2}},"10":{"start":{"line":29,"column":2},"end":{"line":29,"column":84}},"11":{"start":{"line":31,"column":1},"end":{"line":33,"column":2}},"12":{"start":{"line":32,"column":2},"end":{"line":32,"column":89}},"13":{"start":{"line":34,"column":1},"end":{"line":36,"column":2}},"14":{"start":{"line":35,"column":2},"end":{"line":35,"column":84}},"15":{"start":{"line":37,"column":21},"end":{"line":37,"column":42}},"16":{"start":{"line":38,"column":24},"end":{"line":38,"column":48}},"17":{"start":{"line":40,"column":16},"end":{"line":40,"column":108}},"18":{"start":{"line":42,"column":1},"end":{"line":42,"column":112}},"19":{"start":{"line":45,"column":0},"end":{"line":54,"column":2}},"20":{"start":{"line":46,"column":23},"end":{"line":46,"column":57}},"21":{"start":{"line":47,"column":14},"end":{"line":47,"column":16}},"22":{"start":{"line":49,"column":1},"end":{"line":51,"column":2}},"23":{"start":{"line":49,"column":18},"end":{"line":49,"column":19}},"24":{"start":{"line":50,"column":2},"end":{"line":50,"column":37}},"25":{"start":{"line":53,"column":1},"end":{"line":53,"column":39}},"26":{"start":{"line":56,"column":0},"end":{"line":72,"column":2}},"27":{"start":{"line":62,"column":5},"end":{"line":62,"column":13}},"28":{"start":{"line":63,"column":21},"end":{"line":63,"column":75}},"29":{"start":{"line":64,"column":1},"end":{"line":66,"column":2}},"30":{"start":{"line":65,"column":2},"end":{"line":65,"column":59}},"31":{"start":{"line":67,"column":21},"end":{"line":67,"column":42}},"32":{"start":{"line":68,"column":20},"end":{"line":68,"column":44}},"33":{"start":{"line":70,"column":16},"end":{"line":70,"column":100}},"34":{"start":{"line":71,"column":1},"end":{"line":71,"column":114}},"35":{"start":{"line":74,"column":0},"end":{"line":85,"column":2}},"36":{"start":{"line":77,"column":5},"end":{"line":77,"column":13}},"37":{"start":{"line":78,"column":21},"end":{"line":78,"column":71}},"38":{"start":{"line":79,"column":1},"end":{"line":81,"column":2}},"39":{"start":{"line":80,"column":2},"end":{"line":80,"column":59}},"40":{"start":{"line":83,"column":16},"end":{"line":83,"column":61}},"41":{"start":{"line":84,"column":1},"end":{"line":84,"column":118}}},"fnMap":{"0":{"name":"reverse","decl":{"start":{"line":10,"column":9},"end":{"line":10,"column":16}},"loc":{"start":{"line":10,"column":20},"end":{"line":12,"column":1}},"line":10},"1":{"name":"(anonymous_1)","decl":{"start":{"line":14,"column":32},"end":{"line":14,"column":33}},"loc":{"start":{"line":14,"column":52},"end":{"line":43,"column":1}},"line":14},"2":{"name":"(anonymous_2)","decl":{"start":{"line":45,"column":30},"end":{"line":45,"column":31}},"loc":{"start":{"line":45,"column":50},"end":{"line":54,"column":1}},"line":45},"3":{"name":"(anonymous_3)","decl":{"start":{"line":56,"column":32},"end":{"line":56,"column":33}},"loc":{"start":{"line":56,"column":52},"end":{"line":72,"column":1}},"line":56},"4":{"name":"(anonymous_4)","decl":{"start":{"line":74,"column":32},"end":{"line":74,"column":33}},"loc":{"start":{"line":74,"column":52},"end":{"line":85,"column":1}},"line":74}},"branchMap":{"0":{"loc":{"start":{"line":22,"column":1},"end":{"line":24,"column":2}},"type":"if","locations":[{"start":{"line":22,"column":1},"end":{"line":24,"column":2}},{"start":{},"end":{}}],"line":22},"1":{"loc":{"start":{"line":25,"column":1},"end":{"line":27,"column":2}},"type":"if","locations":[{"start":{"line":25,"column":1},"end":{"line":27,"column":2}},{"start":{},"end":{}}],"line":25},"2":{"loc":{"start":{"line":28,"column":1},"end":{"line":30,"column":2}},"type":"if","locations":[{"start":{"line":28,"column":1},"end":{"line":30,"column":2}},{"start":{},"end":{}}],"line":28},"3":{"loc":{"start":{"line":31,"column":1},"end":{"line":33,"column":2}},"type":"if","locations":[{"start":{"line":31,"column":1},"end":{"line":33,"column":2}},{"start":{},"end":{}}],"line":31},"4":{"loc":{"start":{"line":34,"column":1},"end":{"line":36,"column":2}},"type":"if","locations":[{"start":{"line":34,"column":1},"end":{"line":36,"column":2}},{"start":{},"end":{}}],"line":34},"5":{"loc":{"start":{"line":64,"column":1},"end":{"line":66,"column":2}},"type":"if","locations":[{"start":{"line":64,"column":1},"end":{"line":66,"column":2}},{"start":{},"end":{}}],"line":64},"6":{"loc":{"start":{"line":79,"column":1},"end":{"line":81,"column":2}},"type":"if","locations":[{"start":{"line":79,"column":1},"end":{"line":81,"column":2}},{"start":{},"end":{}}],"line":79}},"s":{"0":13,"1":13,"2":4,"3":13,"4":6,"5":6,"6":1,"7":5,"8":1,"9":4,"10":1,"11":3,"12":1,"13":2,"14":1,"15":1,"16":1,"17":1,"18":1,"19":13,"20":1,"21":1,"22":1,"23":1,"24":31,"25":1,"26":13,"27":2,"28":2,"29":2,"30":1,"31":1,"32":1,"33":1,"34":1,"35":13,"36":2,"37":2,"38":2,"39":1,"40":1,"41":1},"f":{"0":4,"1":6,"2":1,"3":2,"4":2},"b":{"0":[1,5],"1":[1,4],"2":[1,3],"3":[1,2],"4":[1,1],"5":[1,1],"6":[1,1]},"_coverageSchema":"1a1c01bbd47fc00a2c39e90264f33305004495a9","hash":"cf32d887c7eba80ab286399d83f5ef5ab7d73499"}
,"D:\\Universidad\\Junio 2022\\AyD1\\proyecto1_g10\\BackEnd\\services\\RHabitacion.js": {"path":"D:\\Universidad\\Junio 2022\\AyD1\\proyecto1_g10\\BackEnd\\services\\RHabitacion.js","statementMap":{"0":{"start":{"line":1,"column":19},"end":{"line":1,"column":50}},"1":{"start":{"line":8,"column":4},"end":{"line":8,"column":27}},"2":{"start":{"line":11,"column":1},"end":{"line":11,"column":41}},"3":{"start":{"line":14,"column":0},"end":{"line":43,"column":2}},"4":{"start":{"line":21,"column":5},"end":{"line":21,"column":13}},"5":{"start":{"line":22,"column":1},"end":{"line":24,"column":2}},"6":{"start":{"line":23,"column":2},"end":{"line":23,"column":94}},"7":{"start":{"line":25,"column":1},"end":{"line":27,"column":2}},"8":{"start":{"line":26,"column":2},"end":{"line":26,"column":80}},"9":{"start":{"line":28,"column":1},"end":{"line":30,"column":2}},"10":{"start":{"line":29,"column":2},"end":{"line":29,"column":80}},"11":{"start":{"line":31,"column":1},"end":{"line":33,"column":2}},"12":{"start":{"line":32,"column":2},"end":{"line":32,"column":89}},"13":{"start":{"line":34,"column":1},"end":{"line":36,"column":2}},"14":{"start":{"line":35,"column":2},"end":{"line":35,"column":85}},"15":{"start":{"line":37,"column":21},"end":{"line":37,"column":42}},"16":{"start":{"line":38,"column":20},"end":{"line":38,"column":40}},"17":{"start":{"line":40,"column":16},"end":{"line":40,"column":124}},"18":{"start":{"line":42,"column":1},"end":{"line":42,"column":113}},"19":{"start":{"line":45,"column":0},"end":{"line":54,"column":2}},"20":{"start":{"line":46,"column":23},"end":{"line":46,"column":63}},"21":{"start":{"line":47,"column":14},"end":{"line":47,"column":16}},"22":{"start":{"line":49,"column":1},"end":{"line":51,"column":2}},"23":{"start":{"line":49,"column":18},"end":{"line":49,"column":19}},"24":{"start":{"line":50,"column":2},"end":{"line":50,"column":37}},"25":{"start":{"line":53,"column":1},"end":{"line":53,"column":39}},"26":{"start":{"line":56,"column":0},"end":{"line":72,"column":2}},"27":{"start":{"line":62,"column":5},"end":{"line":62,"column":13}},"28":{"start":{"line":63,"column":21},"end":{"line":63,"column":81}},"29":{"start":{"line":64,"column":1},"end":{"line":66,"column":2}},"30":{"start":{"line":65,"column":2},"end":{"line":65,"column":59}},"31":{"start":{"line":67,"column":21},"end":{"line":67,"column":42}},"32":{"start":{"line":68,"column":20},"end":{"line":68,"column":40}},"33":{"start":{"line":70,"column":16},"end":{"line":70,"column":114}},"34":{"start":{"line":71,"column":1},"end":{"line":71,"column":115}},"35":{"start":{"line":74,"column":0},"end":{"line":85,"column":2}},"36":{"start":{"line":77,"column":5},"end":{"line":77,"column":13}},"37":{"start":{"line":78,"column":21},"end":{"line":78,"column":77}},"38":{"start":{"line":79,"column":1},"end":{"line":81,"column":2}},"39":{"start":{"line":80,"column":2},"end":{"line":80,"column":59}},"40":{"start":{"line":83,"column":16},"end":{"line":83,"column":67}},"41":{"start":{"line":84,"column":1},"end":{"line":84,"column":119}}},"fnMap":{"0":{"name":"reverse","decl":{"start":{"line":10,"column":9},"end":{"line":10,"column":16}},"loc":{"start":{"line":10,"column":20},"end":{"line":12,"column":1}},"line":10},"1":{"name":"(anonymous_1)","decl":{"start":{"line":14,"column":38},"end":{"line":14,"column":39}},"loc":{"start":{"line":14,"column":58},"end":{"line":43,"column":1}},"line":14},"2":{"name":"(anonymous_2)","decl":{"start":{"line":45,"column":36},"end":{"line":45,"column":37}},"loc":{"start":{"line":45,"column":56},"end":{"line":54,"column":1}},"line":45},"3":{"name":"(anonymous_3)","decl":{"start":{"line":56,"column":38},"end":{"line":56,"column":39}},"loc":{"start":{"line":56,"column":58},"end":{"line":72,"column":1}},"line":56},"4":{"name":"(anonymous_4)","decl":{"start":{"line":74,"column":38},"end":{"line":74,"column":39}},"loc":{"start":{"line":74,"column":58},"end":{"line":85,"column":1}},"line":74}},"branchMap":{"0":{"loc":{"start":{"line":22,"column":1},"end":{"line":24,"column":2}},"type":"if","locations":[{"start":{"line":22,"column":1},"end":{"line":24,"column":2}},{"start":{},"end":{}}],"line":22},"1":{"loc":{"start":{"line":25,"column":1},"end":{"line":27,"column":2}},"type":"if","locations":[{"start":{"line":25,"column":1},"end":{"line":27,"column":2}},{"start":{},"end":{}}],"line":25},"2":{"loc":{"start":{"line":28,"column":1},"end":{"line":30,"column":2}},"type":"if","locations":[{"start":{"line":28,"column":1},"end":{"line":30,"column":2}},{"start":{},"end":{}}],"line":28},"3":{"loc":{"start":{"line":31,"column":1},"end":{"line":33,"column":2}},"type":"if","locations":[{"start":{"line":31,"column":1},"end":{"line":33,"column":2}},{"start":{},"end":{}}],"line":31},"4":{"loc":{"start":{"line":34,"column":1},"end":{"line":36,"column":2}},"type":"if","locations":[{"start":{"line":34,"column":1},"end":{"line":36,"column":2}},{"start":{},"end":{}}],"line":34},"5":{"loc":{"start":{"line":64,"column":1},"end":{"line":66,"column":2}},"type":"if","locations":[{"start":{"line":64,"column":1},"end":{"line":66,"column":2}},{"start":{},"end":{}}],"line":64},"6":{"loc":{"start":{"line":79,"column":1},"end":{"line":81,"column":2}},"type":"if","locations":[{"start":{"line":79,"column":1},"end":{"line":81,"column":2}},{"start":{},"end":{}}],"line":79}},"s":{"0":13,"1":13,"2":4,"3":13,"4":6,"5":6,"6":1,"7":5,"8":1,"9":4,"10":1,"11":3,"12":1,"13":2,"14":1,"15":1,"16":1,"17":1,"18":1,"19":13,"20":1,"21":1,"22":1,"23":1,"24":38,"25":1,"26":13,"27":2,"28":2,"29":2,"30":1,"31":1,"32":1,"33":1,"34":1,"35":13,"36":2,"37":2,"38":2,"39":1,"40":1,"41":1},"f":{"0":4,"1":6,"2":1,"3":2,"4":2},"b":{"0":[1,5],"1":[1,4],"2":[1,3],"3":[1,2],"4":[1,1],"5":[1,1],"6":[1,1]},"_coverageSchema":"1a1c01bbd47fc00a2c39e90264f33305004495a9","hash":"8a18a0c2287801a3adbf6f202ac356d9c2f8e91b"}
,"D:\\Universidad\\Junio 2022\\AyD1\\proyecto1_g10\\BackEnd\\services\\RVuelo.js": {"path":"D:\\Universidad\\Junio 2022\\AyD1\\proyecto1_g10\\BackEnd\\services\\RVuelo.js","statementMap":{"0":{"start":{"line":1,"column":19},"end":{"line":1,"column":50}},"1":{"start":{"line":8,"column":4},"end":{"line":8,"column":27}},"2":{"start":{"line":11,"column":1},"end":{"line":11,"column":41}},"3":{"start":{"line":14,"column":0},"end":{"line":43,"column":2}},"4":{"start":{"line":21,"column":5},"end":{"line":21,"column":13}},"5":{"start":{"line":22,"column":1},"end":{"line":24,"column":2}},"6":{"start":{"line":23,"column":2},"end":{"line":23,"column":90}},"7":{"start":{"line":25,"column":1},"end":{"line":27,"column":2}},"8":{"start":{"line":26,"column":2},"end":{"line":26,"column":77}},"9":{"start":{"line":28,"column":1},"end":{"line":30,"column":2}},"10":{"start":{"line":29,"column":2},"end":{"line":29,"column":84}},"11":{"start":{"line":31,"column":1},"end":{"line":33,"column":2}},"12":{"start":{"line":32,"column":2},"end":{"line":32,"column":89}},"13":{"start":{"line":34,"column":1},"end":{"line":36,"column":2}},"14":{"start":{"line":35,"column":2},"end":{"line":35,"column":80}},"15":{"start":{"line":37,"column":21},"end":{"line":37,"column":42}},"16":{"start":{"line":38,"column":24},"end":{"line":38,"column":48}},"17":{"start":{"line":40,"column":16},"end":{"line":40,"column":114}},"18":{"start":{"line":42,"column":1},"end":{"line":42,"column":108}},"19":{"start":{"line":45,"column":0},"end":{"line":54,"column":2}},"20":{"start":{"line":46,"column":23},"end":{"line":46,"column":58}},"21":{"start":{"line":47,"column":14},"end":{"line":47,"column":16}},"22":{"start":{"line":49,"column":1},"end":{"line":51,"column":2}},"23":{"start":{"line":49,"column":18},"end":{"line":49,"column":19}},"24":{"start":{"line":50,"column":2},"end":{"line":50,"column":37}},"25":{"start":{"line":53,"column":1},"end":{"line":53,"column":39}},"26":{"start":{"line":56,"column":0},"end":{"line":72,"column":2}},"27":{"start":{"line":62,"column":5},"end":{"line":62,"column":13}},"28":{"start":{"line":63,"column":21},"end":{"line":63,"column":76}},"29":{"start":{"line":64,"column":1},"end":{"line":66,"column":2}},"30":{"start":{"line":65,"column":2},"end":{"line":65,"column":59}},"31":{"start":{"line":67,"column":21},"end":{"line":67,"column":42}},"32":{"start":{"line":68,"column":20},"end":{"line":68,"column":44}},"33":{"start":{"line":70,"column":16},"end":{"line":70,"column":105}},"34":{"start":{"line":71,"column":1},"end":{"line":71,"column":110}},"35":{"start":{"line":74,"column":0},"end":{"line":85,"column":2}},"36":{"start":{"line":77,"column":5},"end":{"line":77,"column":13}},"37":{"start":{"line":78,"column":21},"end":{"line":78,"column":72}},"38":{"start":{"line":79,"column":1},"end":{"line":81,"column":2}},"39":{"start":{"line":80,"column":2},"end":{"line":80,"column":59}},"40":{"start":{"line":83,"column":16},"end":{"line":83,"column":62}},"41":{"start":{"line":84,"column":1},"end":{"line":84,"column":114}}},"fnMap":{"0":{"name":"reverse","decl":{"start":{"line":10,"column":9},"end":{"line":10,"column":16}},"loc":{"start":{"line":10,"column":20},"end":{"line":12,"column":1}},"line":10},"1":{"name":"(anonymous_1)","decl":{"start":{"line":14,"column":33},"end":{"line":14,"column":34}},"loc":{"start":{"line":14,"column":53},"end":{"line":43,"column":1}},"line":14},"2":{"name":"(anonymous_2)","decl":{"start":{"line":45,"column":31},"end":{"line":45,"column":32}},"loc":{"start":{"line":45,"column":51},"end":{"line":54,"column":1}},"line":45},"3":{"name":"(anonymous_3)","decl":{"start":{"line":56,"column":33},"end":{"line":56,"column":34}},"loc":{"start":{"line":56,"column":53},"end":{"line":72,"column":1}},"line":56},"4":{"name":"(anonymous_4)","decl":{"start":{"line":74,"column":33},"end":{"line":74,"column":34}},"loc":{"start":{"line":74,"column":53},"end":{"line":85,"column":1}},"line":74}},"branchMap":{"0":{"loc":{"start":{"line":22,"column":1},"end":{"line":24,"column":2}},"type":"if","locations":[{"start":{"line":22,"column":1},"end":{"line":24,"column":2}},{"start":{},"end":{}}],"line":22},"1":{"loc":{"start":{"line":25,"column":1},"end":{"line":27,"column":2}},"type":"if","locations":[{"start":{"line":25,"column":1},"end":{"line":27,"column":2}},{"start":{},"end":{}}],"line":25},"2":{"loc":{"start":{"line":28,"column":1},"end":{"line":30,"column":2}},"type":"if","locations":[{"start":{"line":28,"column":1},"end":{"line":30,"column":2}},{"start":{},"end":{}}],"line":28},"3":{"loc":{"start":{"line":31,"column":1},"end":{"line":33,"column":2}},"type":"if","locations":[{"start":{"line":31,"column":1},"end":{"line":33,"column":2}},{"start":{},"end":{}}],"line":31},"4":{"loc":{"start":{"line":34,"column":1},"end":{"line":36,"column":2}},"type":"if","locations":[{"start":{"line":34,"column":1},"end":{"line":36,"column":2}},{"start":{},"end":{}}],"line":34},"5":{"loc":{"start":{"line":64,"column":1},"end":{"line":66,"column":2}},"type":"if","locations":[{"start":{"line":64,"column":1},"end":{"line":66,"column":2}},{"start":{},"end":{}}],"line":64},"6":{"loc":{"start":{"line":79,"column":1},"end":{"line":81,"column":2}},"type":"if","locations":[{"start":{"line":79,"column":1},"end":{"line":81,"column":2}},{"start":{},"end":{}}],"line":79}},"s":{"0":13,"1":13,"2":4,"3":13,"4":6,"5":6,"6":1,"7":5,"8":1,"9":4,"10":1,"11":3,"12":1,"13":2,"14":1,"15":1,"16":1,"17":1,"18":1,"19":13,"20":1,"21":1,"22":1,"23":1,"24":29,"25":1,"26":13,"27":2,"28":2,"29":2,"30":1,"31":1,"32":1,"33":1,"34":1,"35":13,"36":2,"37":2,"38":2,"39":1,"40":1,"41":1},"f":{"0":4,"1":6,"2":1,"3":2,"4":2},"b":{"0":[1,5],"1":[1,4],"2":[1,3],"3":[1,2],"4":[1,1],"5":[1,1],"6":[1,1]},"_coverageSchema":"1a1c01bbd47fc00a2c39e90264f33305004495a9","hash":"bc1dc2172a4b5687ffc9ba99a8716c9681fe52de"}
,"D:\\Universidad\\Junio 2022\\AyD1\\proyecto1_g10\\BackEnd\\services\\RepositorioBD.js": {"path":"D:\\Universidad\\Junio 2022\\AyD1\\proyecto1_g10\\BackEnd\\services\\RepositorioBD.js","statementMap":{"0":{"start":{"line":2,"column":13},"end":{"line":3,"column":76}},"1":{"start":{"line":6,"column":1},"end":{"line":10,"column":4}},"2":{"start":{"line":7,"column":2},"end":{"line":9,"column":23}},"3":{"start":{"line":8,"column":3},"end":{"line":8,"column":76}},"4":{"start":{"line":9,"column":9},"end":{"line":9,"column":23}},"5":{"start":{"line":14,"column":0},"end":{"line":14,"column":35}}},"fnMap":{"0":{"name":"registroServicios","decl":{"start":{"line":1,"column":9},"end":{"line":1,"column":26}},"loc":{"start":{"line":1,"column":81},"end":{"line":11,"column":1}},"line":1},"1":{"name":"(anonymous_1)","decl":{"start":{"line":6,"column":23},"end":{"line":6,"column":24}},"loc":{"start":{"line":6,"column":40},"end":{"line":10,"column":2}},"line":6}},"branchMap":{"0":{"loc":{"start":{"line":7,"column":2},"end":{"line":9,"column":23}},"type":"if","locations":[{"start":{"line":7,"column":2},"end":{"line":9,"column":23}},{"start":{"line":9,"column":9},"end":{"line":9,"column":23}}],"line":7}},"s":{"0":1,"1":1,"2":0,"3":0,"4":0,"5":13},"f":{"0":1,"1":0},"b":{"0":[0,0]},"_coverageSchema":"1a1c01bbd47fc00a2c39e90264f33305004495a9","hash":"cd8902a956a93f5bca28fab2c760c079b0be647d"}
,"D:\\Universidad\\Junio 2022\\AyD1\\proyecto1_g10\\BackEnd\\services\\Resenia.js": {"path":"D:\\Universidad\\Junio 2022\\AyD1\\proyecto1_g10\\BackEnd\\services\\Resenia.js","statementMap":{"0":{"start":{"line":1,"column":19},"end":{"line":1,"column":50}},"1":{"start":{"line":9,"column":4},"end":{"line":9,"column":27}},"2":{"start":{"line":11,"column":0},"end":{"line":30,"column":2}},"3":{"start":{"line":16,"column":5},"end":{"line":16,"column":13}},"4":{"start":{"line":17,"column":1},"end":{"line":19,"column":2}},"5":{"start":{"line":18,"column":2},"end":{"line":18,"column":84}},"6":{"start":{"line":20,"column":1},"end":{"line":22,"column":2}},"7":{"start":{"line":21,"column":2},"end":{"line":21,"column":83}},"8":{"start":{"line":23,"column":1},"end":{"line":25,"column":2}},"9":{"start":{"line":24,"column":2},"end":{"line":24,"column":85}},"10":{"start":{"line":27,"column":16},"end":{"line":27,"column":78}},"11":{"start":{"line":29,"column":1},"end":{"line":29,"column":97}},"12":{"start":{"line":32,"column":0},"end":{"line":41,"column":2}},"13":{"start":{"line":33,"column":18},"end":{"line":33,"column":44}},"14":{"start":{"line":34,"column":14},"end":{"line":34,"column":16}},"15":{"start":{"line":36,"column":1},"end":{"line":38,"column":2}},"16":{"start":{"line":36,"column":18},"end":{"line":36,"column":19}},"17":{"start":{"line":37,"column":2},"end":{"line":37,"column":32}},"18":{"start":{"line":40,"column":1},"end":{"line":40,"column":39}},"19":{"start":{"line":43,"column":0},"end":{"line":56,"column":2}},"20":{"start":{"line":47,"column":5},"end":{"line":47,"column":13}},"21":{"start":{"line":48,"column":17},"end":{"line":48,"column":59}},"22":{"start":{"line":49,"column":1},"end":{"line":51,"column":2}},"23":{"start":{"line":50,"column":2},"end":{"line":50,"column":55}},"24":{"start":{"line":53,"column":16},"end":{"line":53,"column":66}},"25":{"start":{"line":55,"column":1},"end":{"line":55,"column":96}},"26":{"start":{"line":58,"column":0},"end":{"line":70,"column":2}},"27":{"start":{"line":61,"column":5},"end":{"line":61,"column":13}},"28":{"start":{"line":62,"column":17},"end":{"line":62,"column":59}},"29":{"start":{"line":63,"column":1},"end":{"line":65,"column":2}},"30":{"start":{"line":64,"column":2},"end":{"line":64,"column":55}},"31":{"start":{"line":67,"column":16},"end":{"line":67,"column":53}},"32":{"start":{"line":69,"column":1},"end":{"line":69,"column":100}},"33":{"start":{"line":72,"column":0},"end":{"line":87,"column":2}},"34":{"start":{"line":75,"column":5},"end":{"line":75,"column":13}},"35":{"start":{"line":76,"column":17},"end":{"line":76,"column":68}},"36":{"start":{"line":77,"column":1},"end":{"line":79,"column":2}},"37":{"start":{"line":78,"column":2},"end":{"line":78,"column":75}},"38":{"start":{"line":80,"column":14},"end":{"line":80,"column":16}},"39":{"start":{"line":82,"column":1},"end":{"line":84,"column":2}},"40":{"start":{"line":82,"column":18},"end":{"line":82,"column":19}},"41":{"start":{"line":83,"column":2},"end":{"line":83,"column":31}},"42":{"start":{"line":86,"column":1},"end":{"line":86,"column":39}}},"fnMap":{"0":{"name":"(anonymous_0)","decl":{"start":{"line":11,"column":24},"end":{"line":11,"column":25}},"loc":{"start":{"line":11,"column":44},"end":{"line":30,"column":1}},"line":11},"1":{"name":"(anonymous_1)","decl":{"start":{"line":32,"column":22},"end":{"line":32,"column":23}},"loc":{"start":{"line":32,"column":42},"end":{"line":41,"column":1}},"line":32},"2":{"name":"(anonymous_2)","decl":{"start":{"line":43,"column":24},"end":{"line":43,"column":25}},"loc":{"start":{"line":43,"column":44},"end":{"line":56,"column":1}},"line":43},"3":{"name":"(anonymous_3)","decl":{"start":{"line":58,"column":24},"end":{"line":58,"column":25}},"loc":{"start":{"line":58,"column":44},"end":{"line":70,"column":1}},"line":58},"4":{"name":"(anonymous_4)","decl":{"start":{"line":72,"column":30},"end":{"line":72,"column":31}},"loc":{"start":{"line":72,"column":50},"end":{"line":87,"column":1}},"line":72}},"branchMap":{"0":{"loc":{"start":{"line":17,"column":1},"end":{"line":19,"column":2}},"type":"if","locations":[{"start":{"line":17,"column":1},"end":{"line":19,"column":2}},{"start":{},"end":{}}],"line":17},"1":{"loc":{"start":{"line":20,"column":1},"end":{"line":22,"column":2}},"type":"if","locations":[{"start":{"line":20,"column":1},"end":{"line":22,"column":2}},{"start":{},"end":{}}],"line":20},"2":{"loc":{"start":{"line":23,"column":1},"end":{"line":25,"column":2}},"type":"if","locations":[{"start":{"line":23,"column":1},"end":{"line":25,"column":2}},{"start":{},"end":{}}],"line":23},"3":{"loc":{"start":{"line":49,"column":1},"end":{"line":51,"column":2}},"type":"if","locations":[{"start":{"line":49,"column":1},"end":{"line":51,"column":2}},{"start":{},"end":{}}],"line":49},"4":{"loc":{"start":{"line":63,"column":1},"end":{"line":65,"column":2}},"type":"if","locations":[{"start":{"line":63,"column":1},"end":{"line":65,"column":2}},{"start":{},"end":{}}],"line":63},"5":{"loc":{"start":{"line":77,"column":1},"end":{"line":79,"column":2}},"type":"if","locations":[{"start":{"line":77,"column":1},"end":{"line":79,"column":2}},{"start":{},"end":{}}],"line":77}},"s":{"0":13,"1":13,"2":13,"3":4,"4":4,"5":1,"6":3,"7":1,"8":2,"9":1,"10":1,"11":1,"12":13,"13":1,"14":1,"15":1,"16":1,"17":50,"18":1,"19":13,"20":2,"21":2,"22":2,"23":1,"24":1,"25":1,"26":13,"27":2,"28":2,"29":2,"30":1,"31":1,"32":1,"33":13,"34":2,"35":2,"36":2,"37":1,"38":1,"39":1,"40":1,"41":2,"42":1},"f":{"0":4,"1":1,"2":2,"3":2,"4":2},"b":{"0":[1,3],"1":[1,2],"2":[1,1],"3":[1,1],"4":[1,1],"5":[1,1]},"_coverageSchema":"1a1c01bbd47fc00a2c39e90264f33305004495a9","hash":"ee7fc8e3b5691be0b66d4f4a07c49d10ca4cc4ce"}
,"D:\\Universidad\\Junio 2022\\AyD1\\proyecto1_g10\\BackEnd\\services\\Vuelo.js": {"path":"D:\\Universidad\\Junio 2022\\AyD1\\proyecto1_g10\\BackEnd\\services\\Vuelo.js","statementMap":{"0":{"start":{"line":1,"column":15},"end":{"line":1,"column":32}},"1":{"start":{"line":2,"column":19},"end":{"line":2,"column":50}},"2":{"start":{"line":9,"column":4},"end":{"line":9,"column":27}},"3":{"start":{"line":12,"column":1},"end":{"line":12,"column":41}},"4":{"start":{"line":15,"column":0},"end":{"line":47,"column":2}},"5":{"start":{"line":23,"column":5},"end":{"line":23,"column":13}},"6":{"start":{"line":24,"column":1},"end":{"line":26,"column":2}},"7":{"start":{"line":25,"column":2},"end":{"line":25,"column":77}},"8":{"start":{"line":27,"column":1},"end":{"line":29,"column":2}},"9":{"start":{"line":28,"column":2},"end":{"line":28,"column":78}},"10":{"start":{"line":30,"column":1},"end":{"line":32,"column":2}},"11":{"start":{"line":31,"column":2},"end":{"line":31,"column":74}},"12":{"start":{"line":33,"column":1},"end":{"line":35,"column":2}},"13":{"start":{"line":34,"column":2},"end":{"line":34,"column":80}},"14":{"start":{"line":36,"column":1},"end":{"line":38,"column":2}},"15":{"start":{"line":37,"column":2},"end":{"line":37,"column":75}},"16":{"start":{"line":39,"column":1},"end":{"line":41,"column":2}},"17":{"start":{"line":40,"column":2},"end":{"line":40,"column":77}},"18":{"start":{"line":42,"column":14},"end":{"line":42,"column":33}},"19":{"start":{"line":44,"column":16},"end":{"line":44,"column":105}},"20":{"start":{"line":46,"column":1},"end":{"line":46,"column":96}},"21":{"start":{"line":49,"column":0},"end":{"line":63,"column":2}},"22":{"start":{"line":50,"column":16},"end":{"line":50,"column":40}},"23":{"start":{"line":51,"column":14},"end":{"line":51,"column":16}},"24":{"start":{"line":52,"column":13},"end":{"line":52,"column":51}},"25":{"start":{"line":54,"column":1},"end":{"line":56,"column":2}},"26":{"start":{"line":54,"column":14},"end":{"line":54,"column":15}},"27":{"start":{"line":55,"column":2},"end":{"line":55,"column":38}},"28":{"start":{"line":58,"column":1},"end":{"line":60,"column":2}},"29":{"start":{"line":58,"column":18},"end":{"line":58,"column":19}},"30":{"start":{"line":59,"column":2},"end":{"line":59,"column":30}},"31":{"start":{"line":62,"column":1},"end":{"line":62,"column":39}},"32":{"start":{"line":65,"column":0},"end":{"line":84,"column":2}},"33":{"start":{"line":74,"column":5},"end":{"line":74,"column":13}},"34":{"start":{"line":75,"column":15},"end":{"line":75,"column":53}},"35":{"start":{"line":76,"column":1},"end":{"line":78,"column":2}},"36":{"start":{"line":77,"column":2},"end":{"line":77,"column":53}},"37":{"start":{"line":79,"column":14},"end":{"line":79,"column":33}},"38":{"start":{"line":81,"column":16},"end":{"line":81,"column":110}},"39":{"start":{"line":83,"column":1},"end":{"line":83,"column":102}},"40":{"start":{"line":86,"column":0},"end":{"line":98,"column":2}},"41":{"start":{"line":89,"column":5},"end":{"line":89,"column":13}},"42":{"start":{"line":90,"column":15},"end":{"line":90,"column":53}},"43":{"start":{"line":91,"column":1},"end":{"line":93,"column":2}},"44":{"start":{"line":92,"column":2},"end":{"line":92,"column":53}},"45":{"start":{"line":95,"column":16},"end":{"line":95,"column":49}},"46":{"start":{"line":97,"column":1},"end":{"line":97,"column":100}}},"fnMap":{"0":{"name":"reverse","decl":{"start":{"line":11,"column":9},"end":{"line":11,"column":16}},"loc":{"start":{"line":11,"column":20},"end":{"line":13,"column":1}},"line":11},"1":{"name":"(anonymous_1)","decl":{"start":{"line":15,"column":22},"end":{"line":15,"column":23}},"loc":{"start":{"line":15,"column":42},"end":{"line":47,"column":1}},"line":15},"2":{"name":"(anonymous_2)","decl":{"start":{"line":49,"column":20},"end":{"line":49,"column":21}},"loc":{"start":{"line":49,"column":40},"end":{"line":63,"column":1}},"line":49},"3":{"name":"(anonymous_3)","decl":{"start":{"line":65,"column":22},"end":{"line":65,"column":23}},"loc":{"start":{"line":65,"column":42},"end":{"line":84,"column":1}},"line":65},"4":{"name":"(anonymous_4)","decl":{"start":{"line":86,"column":22},"end":{"line":86,"column":23}},"loc":{"start":{"line":86,"column":42},"end":{"line":98,"column":1}},"line":86}},"branchMap":{"0":{"loc":{"start":{"line":24,"column":1},"end":{"line":26,"column":2}},"type":"if","locations":[{"start":{"line":24,"column":1},"end":{"line":26,"column":2}},{"start":{},"end":{}}],"line":24},"1":{"loc":{"start":{"line":27,"column":1},"end":{"line":29,"column":2}},"type":"if","locations":[{"start":{"line":27,"column":1},"end":{"line":29,"column":2}},{"start":{},"end":{}}],"line":27},"2":{"loc":{"start":{"line":30,"column":1},"end":{"line":32,"column":2}},"type":"if","locations":[{"start":{"line":30,"column":1},"end":{"line":32,"column":2}},{"start":{},"end":{}}],"line":30},"3":{"loc":{"start":{"line":33,"column":1},"end":{"line":35,"column":2}},"type":"if","locations":[{"start":{"line":33,"column":1},"end":{"line":35,"column":2}},{"start":{},"end":{}}],"line":33},"4":{"loc":{"start":{"line":36,"column":1},"end":{"line":38,"column":2}},"type":"if","locations":[{"start":{"line":36,"column":1},"end":{"line":38,"column":2}},{"start":{},"end":{}}],"line":36},"5":{"loc":{"start":{"line":39,"column":1},"end":{"line":41,"column":2}},"type":"if","locations":[{"start":{"line":39,"column":1},"end":{"line":41,"column":2}},{"start":{},"end":{}}],"line":39},"6":{"loc":{"start":{"line":76,"column":1},"end":{"line":78,"column":2}},"type":"if","locations":[{"start":{"line":76,"column":1},"end":{"line":78,"column":2}},{"start":{},"end":{}}],"line":76},"7":{"loc":{"start":{"line":91,"column":1},"end":{"line":93,"column":2}},"type":"if","locations":[{"start":{"line":91,"column":1},"end":{"line":93,"column":2}},{"start":{},"end":{}}],"line":91}},"s":{"0":13,"1":13,"2":13,"3":2,"4":13,"5":7,"6":7,"7":1,"8":6,"9":1,"10":5,"11":1,"12":4,"13":1,"14":3,"15":1,"16":2,"17":1,"18":1,"19":1,"20":1,"21":13,"22":1,"23":1,"24":1,"25":1,"26":1,"27":48,"28":1,"29":1,"30":48,"31":1,"32":13,"33":2,"34":2,"35":2,"36":1,"37":1,"38":1,"39":1,"40":13,"41":2,"42":2,"43":2,"44":1,"45":1,"46":1},"f":{"0":2,"1":7,"2":1,"3":2,"4":2},"b":{"0":[1,6],"1":[1,5],"2":[1,4],"3":[1,3],"4":[1,2],"5":[1,1],"6":[1,1],"7":[1,1]},"_coverageSchema":"1a1c01bbd47fc00a2c39e90264f33305004495a9","hash":"5bcabda7faa0f92073a4a00d297380abcc6529ca"}
,"D:\\Universidad\\Junio 2022\\AyD1\\proyecto1_g10\\BackEnd\\services\\auth.js": {"path":"D:\\Universidad\\Junio 2022\\AyD1\\proyecto1_g10\\BackEnd\\services\\auth.js","statementMap":{"0":{"start":{"line":2,"column":19},"end":{"line":2,"column":39}},"1":{"start":{"line":3,"column":19},"end":{"line":3,"column":50}},"2":{"start":{"line":4,"column":23},"end":{"line":4,"column":46}},"3":{"start":{"line":5,"column":20},"end":{"line":5,"column":54}},"4":{"start":{"line":6,"column":22},"end":{"line":6,"column":51}},"5":{"start":{"line":19,"column":0},"end":{"line":48,"column":2}},"6":{"start":{"line":22,"column":5},"end":{"line":22,"column":13}},"7":{"start":{"line":23,"column":14},"end":{"line":23,"column":49}},"8":{"start":{"line":24,"column":1},"end":{"line":26,"column":2}},"9":{"start":{"line":25,"column":2},"end":{"line":25,"column":52}},"10":{"start":{"line":27,"column":1},"end":{"line":29,"column":2}},"11":{"start":{"line":28,"column":2},"end":{"line":28,"column":55}},"12":{"start":{"line":30,"column":24},"end":{"line":30,"column":33}},"13":{"start":{"line":31,"column":15},"end":{"line":31,"column":54}},"14":{"start":{"line":32,"column":1},"end":{"line":34,"column":2}},"15":{"start":{"line":33,"column":2},"end":{"line":33,"column":62}},"16":{"start":{"line":36,"column":14},"end":{"line":45,"column":2}},"17":{"start":{"line":47,"column":1},"end":{"line":47,"column":39}}},"fnMap":{"0":{"name":"(anonymous_0)","decl":{"start":{"line":19,"column":20},"end":{"line":19,"column":21}},"loc":{"start":{"line":19,"column":40},"end":{"line":48,"column":1}},"line":19}},"branchMap":{"0":{"loc":{"start":{"line":24,"column":1},"end":{"line":26,"column":2}},"type":"if","locations":[{"start":{"line":24,"column":1},"end":{"line":26,"column":2}},{"start":{},"end":{}}],"line":24},"1":{"loc":{"start":{"line":27,"column":1},"end":{"line":29,"column":2}},"type":"if","locations":[{"start":{"line":27,"column":1},"end":{"line":29,"column":2}},{"start":{},"end":{}}],"line":27},"2":{"loc":{"start":{"line":32,"column":1},"end":{"line":34,"column":2}},"type":"if","locations":[{"start":{"line":32,"column":1},"end":{"line":34,"column":2}},{"start":{},"end":{}}],"line":32}},"s":{"0":13,"1":13,"2":13,"3":13,"4":13,"5":13,"6":4,"7":4,"8":4,"9":1,"10":3,"11":1,"12":2,"13":2,"14":2,"15":1,"16":1,"17":1},"f":{"0":4},"b":{"0":[1,3],"1":[1,2],"2":[1,1]},"_coverageSchema":"1a1c01bbd47fc00a2c39e90264f33305004495a9","hash":"1918e9d9b555ec1eaf71dd106bf553a6ef54f809"}
,"D:\\Universidad\\Junio 2022\\AyD1\\proyecto1_g10\\BackEnd\\services\\funtionsDb.js": {"path":"D:\\Universidad\\Junio 2022\\AyD1\\proyecto1_g10\\BackEnd\\services\\funtionsDb.js","statementMap":{"0":{"start":{"line":2,"column":14},"end":{"line":2,"column":44}},"1":{"start":{"line":4,"column":20},"end":{"line":10,"column":1}},"2":{"start":{"line":5,"column":13},"end":{"line":6,"column":67}},"3":{"start":{"line":8,"column":14},"end":{"line":8,"column":30}},"4":{"start":{"line":9,"column":1},"end":{"line":9,"column":13}},"5":{"start":{"line":12,"column":19},"end":{"line":19,"column":2}},"6":{"start":{"line":12,"column":48},"end":{"line":19,"column":2}},"7":{"start":{"line":13,"column":13},"end":{"line":13,"column":60}},"8":{"start":{"line":14,"column":1},"end":{"line":18,"column":4}},"9":{"start":{"line":15,"column":2},"end":{"line":15,"column":34}},"10":{"start":{"line":15,"column":13},"end":{"line":15,"column":34}},"11":{"start":{"line":16,"column":15},"end":{"line":16,"column":26}},"12":{"start":{"line":17,"column":2},"end":{"line":17,"column":34}},"13":{"start":{"line":21,"column":25},"end":{"line":27,"column":2}},"14":{"start":{"line":21,"column":55},"end":{"line":27,"column":2}},"15":{"start":{"line":22,"column":13},"end":{"line":22,"column":65}},"16":{"start":{"line":23,"column":1},"end":{"line":26,"column":4}},"17":{"start":{"line":24,"column":2},"end":{"line":24,"column":34}},"18":{"start":{"line":24,"column":13},"end":{"line":24,"column":34}},"19":{"start":{"line":25,"column":2},"end":{"line":25,"column":26}},"20":{"start":{"line":29,"column":20},"end":{"line":38,"column":2}},"21":{"start":{"line":29,"column":76},"end":{"line":38,"column":2}},"22":{"start":{"line":30,"column":15},"end":{"line":30,"column":31}},"23":{"start":{"line":31,"column":13},"end":{"line":31,"column":157}},"24":{"start":{"line":33,"column":1},"end":{"line":37,"column":4}},"25":{"start":{"line":34,"column":2},"end":{"line":34,"column":34}},"26":{"start":{"line":34,"column":13},"end":{"line":34,"column":34}},"27":{"start":{"line":35,"column":15},"end":{"line":35,"column":26}},"28":{"start":{"line":36,"column":2},"end":{"line":36,"column":34}},"29":{"start":{"line":40,"column":20},"end":{"line":48,"column":2}},"30":{"start":{"line":40,"column":42},"end":{"line":48,"column":2}},"31":{"start":{"line":41,"column":13},"end":{"line":41,"column":38}},"32":{"start":{"line":43,"column":1},"end":{"line":47,"column":4}},"33":{"start":{"line":44,"column":2},"end":{"line":44,"column":34}},"34":{"start":{"line":44,"column":13},"end":{"line":44,"column":34}},"35":{"start":{"line":45,"column":15},"end":{"line":45,"column":26}},"36":{"start":{"line":46,"column":2},"end":{"line":46,"column":31}},"37":{"start":{"line":50,"column":26},"end":{"line":58,"column":2}},"38":{"start":{"line":50,"column":56},"end":{"line":58,"column":2}},"39":{"start":{"line":51,"column":13},"end":{"line":51,"column":64}},"40":{"start":{"line":53,"column":1},"end":{"line":57,"column":4}},"41":{"start":{"line":54,"column":2},"end":{"line":54,"column":34}},"42":{"start":{"line":54,"column":13},"end":{"line":54,"column":34}},"43":{"start":{"line":55,"column":15},"end":{"line":55,"column":26}},"44":{"start":{"line":56,"column":2},"end":{"line":56,"column":31}},"45":{"start":{"line":60,"column":25},"end":{"line":64,"column":1}},"46":{"start":{"line":61,"column":13},"end":{"line":61,"column":62}},"47":{"start":{"line":62,"column":14},"end":{"line":62,"column":30}},"48":{"start":{"line":63,"column":1},"end":{"line":63,"column":13}},"49":{"start":{"line":66,"column":25},"end":{"line":70,"column":1}},"50":{"start":{"line":67,"column":13},"end":{"line":67,"column":61}},"51":{"start":{"line":68,"column":14},"end":{"line":68,"column":30}},"52":{"start":{"line":69,"column":1},"end":{"line":69,"column":13}},"53":{"start":{"line":72,"column":27},"end":{"line":76,"column":1}},"54":{"start":{"line":73,"column":13},"end":{"line":73,"column":106}},"55":{"start":{"line":74,"column":14},"end":{"line":74,"column":30}},"56":{"start":{"line":75,"column":1},"end":{"line":75,"column":13}},"57":{"start":{"line":79,"column":21},"end":{"line":93,"column":1}},"58":{"start":{"line":80,"column":13},"end":{"line":90,"column":24}},"59":{"start":{"line":91,"column":14},"end":{"line":91,"column":30}},"60":{"start":{"line":92,"column":1},"end":{"line":92,"column":13}},"61":{"start":{"line":95,"column":23},"end":{"line":107,"column":1}},"62":{"start":{"line":96,"column":13},"end":{"line":104,"column":82}},"63":{"start":{"line":105,"column":14},"end":{"line":105,"column":30}},"64":{"start":{"line":106,"column":1},"end":{"line":106,"column":13}},"65":{"start":{"line":109,"column":24},"end":{"line":122,"column":1}},"66":{"start":{"line":110,"column":13},"end":{"line":119,"column":24}},"67":{"start":{"line":120,"column":14},"end":{"line":120,"column":30}},"68":{"start":{"line":121,"column":1},"end":{"line":121,"column":13}},"69":{"start":{"line":124,"column":22},"end":{"line":138,"column":1}},"70":{"start":{"line":125,"column":13},"end":{"line":135,"column":24}},"71":{"start":{"line":136,"column":14},"end":{"line":136,"column":30}},"72":{"start":{"line":137,"column":1},"end":{"line":137,"column":13}},"73":{"start":{"line":142,"column":24},"end":{"line":151,"column":1}},"74":{"start":{"line":143,"column":13},"end":{"line":148,"column":23}},"75":{"start":{"line":149,"column":14},"end":{"line":149,"column":30}},"76":{"start":{"line":150,"column":1},"end":{"line":150,"column":13}},"77":{"start":{"line":153,"column":23},"end":{"line":161,"column":1}},"78":{"start":{"line":154,"column":13},"end":{"line":158,"column":75}},"79":{"start":{"line":159,"column":14},"end":{"line":159,"column":30}},"80":{"start":{"line":160,"column":1},"end":{"line":160,"column":13}},"81":{"start":{"line":163,"column":19},"end":{"line":170,"column":2}},"82":{"start":{"line":163,"column":41},"end":{"line":170,"column":2}},"83":{"start":{"line":164,"column":13},"end":{"line":165,"column":58}},"84":{"start":{"line":166,"column":1},"end":{"line":169,"column":4}},"85":{"start":{"line":167,"column":2},"end":{"line":167,"column":34}},"86":{"start":{"line":167,"column":13},"end":{"line":167,"column":34}},"87":{"start":{"line":168,"column":2},"end":{"line":168,"column":26}},"88":{"start":{"line":172,"column":20},"end":{"line":180,"column":2}},"89":{"start":{"line":172,"column":109},"end":{"line":180,"column":2}},"90":{"start":{"line":173,"column":13},"end":{"line":174,"column":110}},"91":{"start":{"line":175,"column":1},"end":{"line":179,"column":4}},"92":{"start":{"line":176,"column":2},"end":{"line":176,"column":34}},"93":{"start":{"line":176,"column":13},"end":{"line":176,"column":34}},"94":{"start":{"line":177,"column":15},"end":{"line":177,"column":26}},"95":{"start":{"line":178,"column":2},"end":{"line":178,"column":23}},"96":{"start":{"line":182,"column":20},"end":{"line":189,"column":2}},"97":{"start":{"line":182,"column":42},"end":{"line":189,"column":2}},"98":{"start":{"line":184,"column":13},"end":{"line":184,"column":39}},"99":{"start":{"line":185,"column":1},"end":{"line":188,"column":4}},"100":{"start":{"line":186,"column":2},"end":{"line":186,"column":34}},"101":{"start":{"line":186,"column":13},"end":{"line":186,"column":34}},"102":{"start":{"line":187,"column":2},"end":{"line":187,"column":26}},"103":{"start":{"line":191,"column":25},"end":{"line":197,"column":2}},"104":{"start":{"line":191,"column":61},"end":{"line":197,"column":2}},"105":{"start":{"line":192,"column":13},"end":{"line":192,"column":77}},"106":{"start":{"line":193,"column":1},"end":{"line":196,"column":4}},"107":{"start":{"line":194,"column":2},"end":{"line":194,"column":34}},"108":{"start":{"line":194,"column":13},"end":{"line":194,"column":34}},"109":{"start":{"line":195,"column":2},"end":{"line":195,"column":26}},"110":{"start":{"line":199,"column":20},"end":{"line":208,"column":2}},"111":{"start":{"line":199,"column":100},"end":{"line":208,"column":2}},"112":{"start":{"line":200,"column":15},"end":{"line":200,"column":30}},"113":{"start":{"line":201,"column":13},"end":{"line":202,"column":115}},"114":{"start":{"line":203,"column":1},"end":{"line":207,"column":4}},"115":{"start":{"line":204,"column":2},"end":{"line":204,"column":34}},"116":{"start":{"line":204,"column":13},"end":{"line":204,"column":34}},"117":{"start":{"line":205,"column":15},"end":{"line":205,"column":26}},"118":{"start":{"line":206,"column":2},"end":{"line":206,"column":34}},"119":{"start":{"line":210,"column":20},"end":{"line":217,"column":2}},"120":{"start":{"line":210,"column":56},"end":{"line":217,"column":2}},"121":{"start":{"line":211,"column":13},"end":{"line":211,"column":87}},"122":{"start":{"line":212,"column":1},"end":{"line":216,"column":4}},"123":{"start":{"line":213,"column":2},"end":{"line":213,"column":34}},"124":{"start":{"line":213,"column":13},"end":{"line":213,"column":34}},"125":{"start":{"line":214,"column":15},"end":{"line":214,"column":26}},"126":{"start":{"line":215,"column":2},"end":{"line":215,"column":34}},"127":{"start":{"line":219,"column":19},"end":{"line":227,"column":2}},"128":{"start":{"line":219,"column":97},"end":{"line":227,"column":2}},"129":{"start":{"line":220,"column":13},"end":{"line":221,"column":99}},"130":{"start":{"line":222,"column":1},"end":{"line":226,"column":4}},"131":{"start":{"line":223,"column":2},"end":{"line":223,"column":34}},"132":{"start":{"line":223,"column":13},"end":{"line":223,"column":34}},"133":{"start":{"line":224,"column":15},"end":{"line":224,"column":26}},"134":{"start":{"line":225,"column":2},"end":{"line":225,"column":23}},"135":{"start":{"line":229,"column":19},"end":{"line":236,"column":2}},"136":{"start":{"line":229,"column":41},"end":{"line":236,"column":2}},"137":{"start":{"line":231,"column":13},"end":{"line":231,"column":38}},"138":{"start":{"line":232,"column":1},"end":{"line":235,"column":4}},"139":{"start":{"line":233,"column":2},"end":{"line":233,"column":34}},"140":{"start":{"line":233,"column":13},"end":{"line":233,"column":34}},"141":{"start":{"line":234,"column":2},"end":{"line":234,"column":26}},"142":{"start":{"line":238,"column":19},"end":{"line":247,"column":2}},"143":{"start":{"line":238,"column":114},"end":{"line":247,"column":2}},"144":{"start":{"line":239,"column":15},"end":{"line":239,"column":30}},"145":{"start":{"line":240,"column":13},"end":{"line":241,"column":96}},"146":{"start":{"line":242,"column":1},"end":{"line":246,"column":4}},"147":{"start":{"line":243,"column":2},"end":{"line":243,"column":34}},"148":{"start":{"line":243,"column":13},"end":{"line":243,"column":34}},"149":{"start":{"line":244,"column":15},"end":{"line":244,"column":26}},"150":{"start":{"line":245,"column":2},"end":{"line":245,"column":34}},"151":{"start":{"line":249,"column":19},"end":{"line":256,"column":2}},"152":{"start":{"line":249,"column":54},"end":{"line":256,"column":2}},"153":{"start":{"line":250,"column":13},"end":{"line":250,"column":79}},"154":{"start":{"line":251,"column":1},"end":{"line":255,"column":4}},"155":{"start":{"line":252,"column":2},"end":{"line":252,"column":34}},"156":{"start":{"line":252,"column":13},"end":{"line":252,"column":34}},"157":{"start":{"line":253,"column":15},"end":{"line":253,"column":26}},"158":{"start":{"line":254,"column":2},"end":{"line":254,"column":34}},"159":{"start":{"line":258,"column":24},"end":{"line":264,"column":2}},"160":{"start":{"line":258,"column":59},"end":{"line":264,"column":2}},"161":{"start":{"line":259,"column":13},"end":{"line":259,"column":69}},"162":{"start":{"line":260,"column":1},"end":{"line":263,"column":4}},"163":{"start":{"line":261,"column":2},"end":{"line":261,"column":34}},"164":{"start":{"line":261,"column":13},"end":{"line":261,"column":34}},"165":{"start":{"line":262,"column":2},"end":{"line":262,"column":26}},"166":{"start":{"line":266,"column":15},"end":{"line":274,"column":2}},"167":{"start":{"line":266,"column":102},"end":{"line":274,"column":2}},"168":{"start":{"line":267,"column":13},"end":{"line":268,"column":103}},"169":{"start":{"line":269,"column":1},"end":{"line":273,"column":4}},"170":{"start":{"line":270,"column":2},"end":{"line":270,"column":34}},"171":{"start":{"line":270,"column":13},"end":{"line":270,"column":34}},"172":{"start":{"line":271,"column":15},"end":{"line":271,"column":26}},"173":{"start":{"line":272,"column":2},"end":{"line":272,"column":23}},"174":{"start":{"line":276,"column":15},"end":{"line":283,"column":2}},"175":{"start":{"line":276,"column":37},"end":{"line":283,"column":2}},"176":{"start":{"line":278,"column":13},"end":{"line":278,"column":34}},"177":{"start":{"line":279,"column":1},"end":{"line":282,"column":4}},"178":{"start":{"line":280,"column":2},"end":{"line":280,"column":34}},"179":{"start":{"line":280,"column":13},"end":{"line":280,"column":34}},"180":{"start":{"line":281,"column":2},"end":{"line":281,"column":26}},"181":{"start":{"line":285,"column":15},"end":{"line":294,"column":2}},"182":{"start":{"line":285,"column":107},"end":{"line":294,"column":2}},"183":{"start":{"line":286,"column":15},"end":{"line":286,"column":30}},"184":{"start":{"line":287,"column":13},"end":{"line":288,"column":72}},"185":{"start":{"line":289,"column":1},"end":{"line":293,"column":4}},"186":{"start":{"line":290,"column":2},"end":{"line":290,"column":34}},"187":{"start":{"line":290,"column":13},"end":{"line":290,"column":34}},"188":{"start":{"line":291,"column":15},"end":{"line":291,"column":26}},"189":{"start":{"line":292,"column":2},"end":{"line":292,"column":34}},"190":{"start":{"line":296,"column":15},"end":{"line":303,"column":2}},"191":{"start":{"line":296,"column":46},"end":{"line":303,"column":2}},"192":{"start":{"line":297,"column":13},"end":{"line":297,"column":72}},"193":{"start":{"line":298,"column":1},"end":{"line":302,"column":4}},"194":{"start":{"line":299,"column":2},"end":{"line":299,"column":34}},"195":{"start":{"line":299,"column":13},"end":{"line":299,"column":34}},"196":{"start":{"line":300,"column":15},"end":{"line":300,"column":26}},"197":{"start":{"line":301,"column":2},"end":{"line":301,"column":34}},"198":{"start":{"line":305,"column":20},"end":{"line":311,"column":2}},"199":{"start":{"line":305,"column":51},"end":{"line":311,"column":2}},"200":{"start":{"line":306,"column":13},"end":{"line":306,"column":62}},"201":{"start":{"line":307,"column":1},"end":{"line":310,"column":4}},"202":{"start":{"line":308,"column":2},"end":{"line":308,"column":34}},"203":{"start":{"line":308,"column":13},"end":{"line":308,"column":34}},"204":{"start":{"line":309,"column":2},"end":{"line":309,"column":26}},"205":{"start":{"line":313,"column":31},"end":{"line":321,"column":2}},"206":{"start":{"line":313,"column":121},"end":{"line":321,"column":2}},"207":{"start":{"line":314,"column":13},"end":{"line":315,"column":102}},"208":{"start":{"line":316,"column":1},"end":{"line":320,"column":4}},"209":{"start":{"line":317,"column":2},"end":{"line":317,"column":34}},"210":{"start":{"line":317,"column":13},"end":{"line":317,"column":34}},"211":{"start":{"line":318,"column":15},"end":{"line":318,"column":26}},"212":{"start":{"line":319,"column":2},"end":{"line":319,"column":23}},"213":{"start":{"line":323,"column":31},"end":{"line":330,"column":2}},"214":{"start":{"line":323,"column":53},"end":{"line":330,"column":2}},"215":{"start":{"line":325,"column":13},"end":{"line":325,"column":41}},"216":{"start":{"line":326,"column":1},"end":{"line":329,"column":4}},"217":{"start":{"line":327,"column":2},"end":{"line":327,"column":34}},"218":{"start":{"line":327,"column":13},"end":{"line":327,"column":34}},"219":{"start":{"line":328,"column":2},"end":{"line":328,"column":26}},"220":{"start":{"line":332,"column":36},"end":{"line":338,"column":2}},"221":{"start":{"line":332,"column":73},"end":{"line":338,"column":2}},"222":{"start":{"line":333,"column":13},"end":{"line":333,"column":77}},"223":{"start":{"line":334,"column":1},"end":{"line":337,"column":4}},"224":{"start":{"line":335,"column":2},"end
[...]
54,"column":2},"end":{"line":54,"column":34}},"type":"if","locations":[{"start":{"line":54,"column":2},"end":{"line":54,"column":34}},{"start":{},"end":{}}],"line":54},"5":{"loc":{"start":{"line":167,"column":2},"end":{"line":167,"column":34}},"type":"if","locations":[{"start":{"line":167,"column":2},"end":{"line":167,"column":34}},{"start":{},"end":{}}],"line":167},"6":{"loc":{"start":{"line":176,"column":2},"end":{"line":176,"column":34}},"type":"if","locations":[{"start":{"line":176,"column":2},"end":{"line":176,"column":34}},{"start":{},"end":{}}],"line":176},"7":{"loc":{"start":{"line":186,"column":2},"end":{"line":186,"column":34}},"type":"if","locations":[{"start":{"line":186,"column":2},"end":{"line":186,"column":34}},{"start":{},"end":{}}],"line":186},"8":{"loc":{"start":{"line":194,"column":2},"end":{"line":194,"column":34}},"type":"if","locations":[{"start":{"line":194,"column":2},"end":{"line":194,"column":34}},{"start":{},"end":{}}],"line":194},"9":{"loc":{"start":{"line":204,"column":2},"end":{"line":204,"column":34}},"type":"if","locations":[{"start":{"line":204,"column":2},"end":{"line":204,"column":34}},{"start":{},"end":{}}],"line":204},"10":{"loc":{"start":{"line":213,"column":2},"end":{"line":213,"column":34}},"type":"if","locations":[{"start":{"line":213,"column":2},"end":{"line":213,"column":34}},{"start":{},"end":{}}],"line":213},"11":{"loc":{"start":{"line":223,"column":2},"end":{"line":223,"column":34}},"type":"if","locations":[{"start":{"line":223,"column":2},"end":{"line":223,"column":34}},{"start":{},"end":{}}],"line":223},"12":{"loc":{"start":{"line":233,"column":2},"end":{"line":233,"column":34}},"type":"if","locations":[{"start":{"line":233,"column":2},"end":{"line":233,"column":34}},{"start":{},"end":{}}],"line":233},"13":{"loc":{"start":{"line":243,"column":2},"end":{"line":243,"column":34}},"type":"if","locations":[{"start":{"line":243,"column":2},"end":{"line":243,"column":34}},{"start":{},"end":{}}],"line":243},"14":{"loc":{"start":{"line":252,"column":2},"end":{"line":252,"column":34}},"type":"if","locations":[{"start":{"line":252,"column":2},"end":{"line":252,"column":34}},{"start":{},"end":{}}],"line":252},"15":{"loc":{"start":{"line":261,"column":2},"end":{"line":261,"column":34}},"type":"if","locations":[{"start":{"line":261,"column":2},"end":{"line":261,"column":34}},{"start":{},"end":{}}],"line":261},"16":{"loc":{"start":{"line":270,"column":2},"end":{"line":270,"column":34}},"type":"if","locations":[{"start":{"line":270,"column":2},"end":{"line":270,"column":34}},{"start":{},"end":{}}],"line":270},"17":{"loc":{"start":{"line":280,"column":2},"end":{"line":280,"column":34}},"type":"if","locations":[{"start":{"line":280,"column":2},"end":{"line":280,"column":34}},{"start":{},"end":{}}],"line":280},"18":{"loc":{"start":{"line":290,"column":2},"end":{"line":290,"column":34}},"type":"if","locations":[{"start":{"line":290,"column":2},"end":{"line":290,"column":34}},{"start":{},"end":{}}],"line":290},"19":{"loc":{"start":{"line":299,"column":2},"end":{"line":299,"column":34}},"type":"if","locations":[{"start":{"line":299,"column":2},"end":{"line":299,"column":34}},{"start":{},"end":{}}],"line":299},"20":{"loc":{"start":{"line":308,"column":2},"end":{"line":308,"column":34}},"type":"if","locations":[{"start":{"line":308,"column":2},"end":{"line":308,"column":34}},{"start":{},"end":{}}],"line":308},"21":{"loc":{"start":{"line":317,"column":2},"end":{"line":317,"column":34}},"type":"if","locations":[{"start":{"line":317,"column":2},"end":{"line":317,"column":34}},{"start":{},"end":{}}],"line":317},"22":{"loc":{"start":{"line":327,"column":2},"end":{"line":327,"column":34}},"type":"if","locations":[{"start":{"line":327,"column":2},"end":{"line":327,"column":34}},{"start":{},"end":{}}],"line":327},"23":{"loc":{"start":{"line":335,"column":2},"end":{"line":335,"column":34}},"type":"if","locations":[{"start":{"line":335,"column":2},"end":{"line":335,"column":34}},{"start":{},"end":{}}],"line":335},"24":{"loc":{"start":{"line":345,"column":2},"end":{"line":345,"column":34}},"type":"if","locations":[{"start":{"line":345,"column":2},"end":{"line":345,"column":34}},{"start":{},"end":{}}],"line":345},"25":{"loc":{"start":{"line":354,"column":2},"end":{"line":354,"column":34}},"type":"if","locations":[{"start":{"line":354,"column":2},"end":{"line":354,"column":34}},{"start":{},"end":{}}],"line":354},"26":{"loc":{"start":{"line":364,"column":2},"end":{"line":364,"column":34}},"type":"if","locations":[{"start":{"line":364,"column":2},"end":{"line":364,"column":34}},{"start":{},"end":{}}],"line":364},"27":{"loc":{"start":{"line":374,"column":2},"end":{"line":374,"column":34}},"type":"if","locations":[{"start":{"line":374,"column":2},"end":{"line":374,"column":34}},{"start":{},"end":{}}],"line":374},"28":{"loc":{"start":{"line":382,"column":2},"end":{"line":382,"column":34}},"type":"if","locations":[{"start":{"line":382,"column":2},"end":{"line":382,"column":34}},{"start":{},"end":{}}],"line":382},"29":{"loc":{"start":{"line":392,"column":2},"end":{"line":392,"column":34}},"type":"if","locations":[{"start":{"line":392,"column":2},"end":{"line":392,"column":34}},{"start":{},"end":{}}],"line":392},"30":{"loc":{"start":{"line":401,"column":2},"end":{"line":401,"column":34}},"type":"if","locations":[{"start":{"line":401,"column":2},"end":{"line":401,"column":34}},{"start":{},"end":{}}],"line":401},"31":{"loc":{"start":{"line":411,"column":2},"end":{"line":411,"column":34}},"type":"if","locations":[{"start":{"line":411,"column":2},"end":{"line":411,"column":34}},{"start":{},"end":{}}],"line":411},"32":{"loc":{"start":{"line":421,"column":2},"end":{"line":421,"column":34}},"type":"if","locations":[{"start":{"line":421,"column":2},"end":{"line":421,"column":34}},{"start":{},"end":{}}],"line":421},"33":{"loc":{"start":{"line":429,"column":2},"end":{"line":429,"column":34}},"type":"if","locations":[{"start":{"line":429,"column":2},"end":{"line":429,"column":34}},{"start":{},"end":{}}],"line":429},"34":{"loc":{"start":{"line":439,"column":2},"end":{"line":439,"column":34}},"type":"if","locations":[{"start":{"line":439,"column":2},"end":{"line":439,"column":34}},{"start":{},"end":{}}],"line":439},"35":{"loc":{"start":{"line":448,"column":2},"end":{"line":448,"column":34}},"type":"if","locations":[{"start":{"line":448,"column":2},"end":{"line":448,"column":34}},{"start":{},"end":{}}],"line":448},"36":{"loc":{"start":{"line":457,"column":2},"end":{"line":457,"column":34}},"type":"if","locations":[{"start":{"line":457,"column":2},"end":{"line":457,"column":34}},{"start":{},"end":{}}],"line":457},"37":{"loc":{"start":{"line":465,"column":2},"end":{"line":465,"column":34}},"type":"if","locations":[{"start":{"line":465,"column":2},"end":{"line":465,"column":34}},{"start":{},"end":{}}],"line":465},"38":{"loc":{"start":{"line":473,"column":2},"end":{"line":473,"column":34}},"type":"if","locations":[{"start":{"line":473,"column":2},"end":{"line":473,"column":34}},{"start":{},"end":{}}],"line":473},"39":{"loc":{"start":{"line":482,"column":2},"end":{"line":482,"column":34}},"type":"if","locations":[{"start":{"line":482,"column":2},"end":{"line":482,"column":34}},{"start":{},"end":{}}],"line":482},"40":{"loc":{"start":{"line":492,"column":2},"end":{"line":492,"column":34}},"type":"if","locations":[{"start":{"line":492,"column":2},"end":{"line":492,"column":34}},{"start":{},"end":{}}],"line":492},"41":{"loc":{"start":{"line":500,"column":2},"end":{"line":500,"column":34}},"type":"if","locations":[{"start":{"line":500,"column":2},"end":{"line":500,"column":34}},{"start":{},"end":{}}],"line":500},"42":{"loc":{"start":{"line":508,"column":2},"end":{"line":508,"column":34}},"type":"if","locations":[{"start":{"line":508,"column":2},"end":{"line":508,"column":34}},{"start":{},"end":{}}],"line":508},"43":{"loc":{"start":{"line":517,"column":2},"end":{"line":517,"column":34}},"type":"if","locations":[{"start":{"line":517,"column":2},"end":{"line":517,"column":34}},{"start":{},"end":{}}],"line":517},"44":{"loc":{"start":{"line":526,"column":2},"end":{"line":526,"column":34}},"type":"if","locations":[{"start":{"line":526,"column":2},"end":{"line":526,"column":34}},{"start":{},"end":{}}],"line":526}},"s":{"0":13,"1":13,"2":1,"3":1,"4":1,"5":13,"6":4,"7":4,"8":4,"9":4,"10":0,"11":4,"12":4,"13":13,"14":4,"15":4,"16":4,"17":4,"18":0,"19":4,"20":13,"21":1,"22":1,"23":1,"24":1,"25":1,"26":0,"27":1,"28":1,"29":13,"30":0,"31":0,"32":0,"33":0,"34":0,"35":0,"36":0,"37":13,"38":0,"39":0,"40":0,"41":0,"42":0,"43":0,"44":0,"45":13,"46":0,"47":0,"48":0,"49":13,"50":0,"51":0,"52":0,"53":13,"54":0,"55":0,"56":0,"57":13,"58":0,"59":0,"60":0,"61":13,"62":0,"63":0,"64":0,"65":13,"66":0,"67":0,"68":0,"69":13,"70":0,"71":0,"72":0,"73":13,"74":0,"75":0,"76":0,"77":13,"78":0,"79":0,"80":0,"81":13,"82":1,"83":1,"84":1,"85":1,"86":0,"87":1,"88":13,"89":1,"90":1,"91":1,"92":1,"93":0,"94":1,"95":1,"96":13,"97":1,"98":1,"99":1,"100":1,"101":0,"102":1,"103":13,"104":4,"105":4,"106":4,"107":4,"108":0,"109":4,"110":13,"111":1,"112":1,"113":1,"114":1,"115":1,"116":0,"117":1,"118":1,"119":13,"120":1,"121":1,"122":1,"123":1,"124":0,"125":1,"126":1,"127":13,"128":1,"129":1,"130":1,"131":1,"132":0,"133":1,"134":1,"135":13,"136":1,"137":1,"138":1,"139":1,"140":0,"141":1,"142":13,"143":1,"144":1,"145":1,"146":1,"147":1,"148":0,"149":1,"150":1,"151":13,"152":1,"153":1,"154":1,"155":1,"156":0,"157":1,"158":1,"159":13,"160":4,"161":4,"162":4,"163":4,"164":0,"165":4,"166":13,"167":1,"168":1,"169":1,"170":1,"171":0,"172":1,"173":1,"174":13,"175":1,"176":1,"177":1,"178":1,"179":0,"180":1,"181":13,"182":1,"183":1,"184":1,"185":1,"186":1,"187":0,"188":1,"189":1,"190":13,"191":1,"192":1,"193":1,"194":1,"195":0,"196":1,"197":1,"198":13,"199":4,"200":4,"201":4,"202":4,"203":0,"204":4,"205":13,"206":1,"207":1,"208":1,"209":1,"210":0,"211":1,"212":1,"213":13,"214":1,"215":1,"216":1,"217":1,"218":0,"219":1,"220":13,"221":4,"222":4,"223":4,"224":4,"225":0,"226":4,"227":13,"228":1,"229":1,"230":1,"231":1,"232":1,"233":0,"234":1,"235":1,"236":13,"237":1,"238":1,"239":1,"240":1,"241":0,"242":1,"243":1,"244":13,"245":1,"246":1,"247":1,"248":1,"249":0,"250":1,"251":1,"252":13,"253":1,"254":1,"255":1,"256":1,"257":0,"258":1,"259":13,"260":4,"261":4,"262":4,"263":4,"264":0,"265":4,"266":13,"267":1,"268":1,"269":1,"270":1,"271":1,"272":0,"273":1,"274":1,"275":13,"276":1,"277":1,"278":1,"279":1,"280":0,"281":1,"282":1,"283":13,"284":1,"285":1,"286":1,"287":1,"288":0,"289":1,"290":1,"291":13,"292":1,"293":1,"294":1,"295":1,"296":0,"297":1,"298":13,"299":4,"300":4,"301":4,"302":4,"303":0,"304":4,"305":13,"306":1,"307":1,"308":1,"309":1,"310":1,"311":0,"312":1,"313":1,"314":13,"315":1,"316":1,"317":1,"318":1,"319":0,"320":1,"321":1,"322":13,"323":1,"324":1,"325":1,"326":1,"327":0,"328":1,"329":13,"330":1,"331":1,"332":1,"333":1,"334":0,"335":1,"336":13,"337":1,"338":1,"339":1,"340":1,"341":0,"342":1,"343":13,"344":1,"345":1,"346":1,"347":1,"348":0,"349":1,"350":1,"351":13,"352":1,"353":1,"354":1,"355":1,"356":0,"357":1,"358":13,"359":4,"360":4,"361":4,"362":4,"363":0,"364":4,"365":13,"366":1,"367":1,"368":1,"369":1,"370":0,"371":1,"372":1,"373":13,"374":1,"375":1,"376":1,"377":1,"378":0,"379":1,"380":1,"381":13,"382":2,"383":2,"384":2,"385":2,"386":0,"387":2,"388":13},"f":{"0":1,"1":4,"2":4,"3":4,"4":4,"5":4,"6":4,"7":1,"8":1,"9":1,"10":0,"11":0,"12":0,"13":0,"14":0,"15":0,"16":0,"17":0,"18":0,"19":0,"20":0,"21":0,"22":0,"23":0,"24":0,"25":1,"26":1,"27":1,"28":1,"29":1,"30":1,"31":1,"32":1,"33":1,"34":4,"35":4,"36":4,"37":1,"38":1,"39":1,"40":1,"41":1,"42":1,"43":1,"44":1,"45":1,"46":1,"47":1,"48":1,"49":1,"50":1,"51":1,"52":1,"53":1,"54":1,"55":4,"56":4,"57":4,"58":1,"59":1,"60":1,"61":1,"62":1,"63":1,"64":1,"65":1,"66":1,"67":1,"68":1,"69":1,"70":4,"71":4,"72":4,"73":1,"74":1,"75":1,"76":1,"77":1,"78":1,"79":4,"80":4,"81":4,"82":1,"83":1,"84":1,"85":1,"86":1,"87":1,"88":1,"89":1,"90":1,"91":1,"92":1,"93":1,"94":4,"95":4,"96":4,"97":1,"98":1,"99":1,"100":1,"101":1,"102":1,"103":1,"104":1,"105":1,"106":1,"107":1,"108":1,"109":4,"110":4,"111":4,"112":1,"113":1,"114":1,"115":1,"116":1,"117":1,"118":1,"119":1,"120":1,"121":1,"122":1,"123":1,"124":1,"125":1,"126":1,"127":1,"128":1,"129":1,"130":1,"131":1,"132":1,"133":4,"134":4,"135":4,"136":1,"137":1,"138":1,"139":1,"140":1,"141":1,"142":2,"143":2,"144":2},"b":{"0":[0,4],"1":[0,4],"2":[0,1],"3":[0,0],"4":[0,0],"5":[0,1],"6":[0,1],"7":[0,1],"8":[0,4],"9":[0,1],"10":[0,1],"11":[0,1],"12":[0,1],"13":[0,1],"14":[0,1],"15":[0,4],"16":[0,1],"17":[0,1],"18":[0,1],"19":[0,1],"20":[0,4],"21":[0,1],"22":[0,1],"23":[0,4],"24":[0,1],"25":[0,1],"26":[0,1],"27":[0,1],"28":[0,4],"29":[0,1],"30":[0,1],"31":[0,1],"32":[0,1],"33":[0,4],"34":[0,1],"35":[0,1],"36":[0,1],"37":[0,1],"38":[0,1],"39":[0,1],"40":[0,1],"41":[0,4],"42":[0,1],"43":[0,1],"44":[0,2]},"_coverageSchema":"1a1c01bbd47fc00a2c39e90264f33305004495a9","hash":"4ba84c74586e509b93f47c15c20413ebc9e72fda"}
,"D:\\Universidad\\Junio 2022\\AyD1\\proyecto1_g10\\BackEnd\\services\\registerService.js": {"path":"D:\\Universidad\\Junio 2022\\AyD1\\proyecto1_g10\\BackEnd\\services\\registerService.js","statementMap":{"0":{"start":{"line":1,"column":19},"end":{"line":1,"column":39}},"1":{"start":{"line":2,"column":12},"end":{"line":2,"column":26}},"2":{"start":{"line":4,"column":24},"end":{"line":4,"column":47}},"3":{"start":{"line":10,"column":0},"end":{"line":27,"column":2}},"4":{"start":{"line":13,"column":5},"end":{"line":13,"column":13}},"5":{"start":{"line":17,"column":1},"end":{"line":26,"column":2}},"6":{"start":{"line":18,"column":2},"end":{"line":18,"column":45}},"7":{"start":{"line":19,"column":8},"end":{"line":26,"column":2}},"8":{"start":{"line":20,"column":2},"end":{"line":20,"column":65}},"9":{"start":{"line":21,"column":8},"end":{"line":26,"column":2}},"10":{"start":{"line":22,"column":2},"end":{"line":22,"column":39}},"11":{"start":{"line":24,"column":2},"end":{"line":24,"column":64}},"12":{"start":{"line":25,"column":2},"end":{"line":25,"column":50}}},"fnMap":{"0":{"name":"x","decl":{"start":{"line":10,"column":34},"end":{"line":10,"column":35}},"loc":{"start":{"line":10,"column":46},"end":{"line":27,"column":1}},"line":10}},"branchMap":{"0":{"loc":{"start":{"line":17,"column":1},"end":{"line":26,"column":2}},"type":"if","locations":[{"start":{"line":17,"column":1},"end":{"line":26,"column":2}},{"start":{"line":19,"column":8},"end":{"line":26,"column":2}}],"line":17},"1":{"loc":{"start":{"line":19,"column":8},"end":{"line":26,"column":2}},"type":"if","locations":[{"start":{"line":19,"column":8},"end":{"line":26,"column":2}},{"start":{"line":21,"column":8},"end":{"line":26,"column":2}}],"line":19},"2":{"loc":{"start":{"line":21,"column":8},"end":{"line":26,"column":2}},"type":"if","locations":[{"start":{"line":21,"column":8},"end":{"line":26,"column":2}},{"start":{"line":23,"column":8},"end":{"line":26,"column":2}}],"line":21}},"s":{"0":13,"1":13,"2":13,"3":13,"4":4,"5":4,"6":1,"7":3,"8":1,"9":2,"10":1,"11":1,"12":1},"f":{"0":4},"b":{"0":[1,3],"1":[1,2],"2":[1,1]},"_coverageSchema":"1a1c01bbd47fc00a2c39e90264f33305004495a9","hash":"eac583490a737801a1f632f0789aeaf7cc3de56f"}
,"D:\\Universidad\\Junio 2022\\AyD1\\proyecto1_g10\\BackEnd\\services\\registroServicio.js": {"path":"D:\\Universidad\\Junio 2022\\AyD1\\proyecto1_g10\\BackEnd\\services\\registroServicio.js","statementMap":{"0":{"start":{"line":1,"column":12},"end":{"line":1,"column":26}},"1":{"start":{"line":2,"column":26},"end":{"line":2,"column":52}},"2":{"start":{"line":3,"column":19},"end":{"line":3,"column":50}},"3":{"start":{"line":5,"column":0},"end":{"line":17,"column":2}},"4":{"start":{"line":8,"column":5},"end":{"line":8,"column":13}},"5":{"start":{"line":9,"column":1},"end":{"line":11,"column":2}},"6":{"start":{"line":10,"column":2},"end":{"line":10,"column":79}},"7":{"start":{"line":12,"column":1},"end":{"line":14,"column":2}},"8":{"start":{"line":13,"column":2},"end":{"line":13,"column":69}},"9":{"start":{"line":15,"column":1},"end":{"line":15,"column":78}},"10":{"start":{"line":16,"column":1},"end":{"line":16,"column":72}}},"fnMap":{"0":{"name":"(anonymous_0)","decl":{"start":{"line":5,"column":28},"end":{"line":5,"column":29}},"loc":{"start":{"line":5,"column":48},"end":{"line":17,"column":1}},"line":5}},"branchMap":{"0":{"loc":{"start":{"line":9,"column":1},"end":{"line":11,"column":2}},"type":"if","locations":[{"start":{"line":9,"column":1},"end":{"line":11,"column":2}},{"start":{},"end":{}}],"line":9},"1":{"loc":{"start":{"line":9,"column":5},"end":{"line":9,"column":101}},"type":"binary-expr","locations":[{"start":{"line":9,"column":5},"end":{"line":9,"column":78}},{"start":{"line":9,"column":82},"end":{"line":9,"column":101}}],"line":9},"2":{"loc":{"start":{"line":12,"column":1},"end":{"line":14,"column":2}},"type":"if","locations":[{"start":{"line":12,"column":1},"end":{"line":14,"column":2}},{"start":{},"end":{}}],"line":12}},"s":{"0":13,"1":13,"2":13,"3":13,"4":3,"5":3,"6":1,"7":2,"8":1,"9":1,"10":1},"f":{"0":3},"b":{"0":[1,2],"1":[3,1],"2":[1,1]},"_coverageSchema":"1a1c01bbd47fc00a2c39e90264f33305004495a9","hash":"c15e806d67c403c87a0d8ee99e7e7bc1c1c94791"}
,"D:\\Universidad\\Junio 2022\\AyD1\\proyecto1_g10\\BackEnd\\utils\\data.js": {"path":"D:\\Universidad\\Junio 2022\\AyD1\\proyecto1_g10\\BackEnd\\utils\\data.js","statementMap":{"0":{"start":{"line":1,"column":14},"end":{"line":4,"column":1}},"1":{"start":{"line":6,"column":14},"end":{"line":10,"column":1}},"2":{"start":{"line":12,"column":0},"end":{"line":12,"column":34}}},"fnMap":{},"branchMap":{},"s":{"0":13,"1":13,"2":13},"f":{},"b":{},"_coverageSchema":"1a1c01bbd47fc00a2c39e90264f33305004495a9","hash":"6e6ad8455c91250049220ef6aa8f9ad90f45ea6b"}
,"D:\\Universidad\\Junio 2022\\AyD1\\proyecto1_g10\\BackEnd\\utils\\handleJwt.js": {"path":"D:\\Universidad\\Junio 2022\\AyD1\\proyecto1_g10\\BackEnd\\utils\\handleJwt.js","statementMap":{"0":{"start":{"line":1,"column":12},"end":{"line":1,"column":35}},"1":{"start":{"line":7,"column":18},"end":{"line":20,"column":1}},"2":{"start":{"line":8,"column":14},"end":{"line":17,"column":2}},"3":{"start":{"line":19,"column":1},"end":{"line":19,"column":13}},"4":{"start":{"line":33,"column":0},"end":{"line":33,"column":31}}},"fnMap":{"0":{"name":"(anonymous_0)","decl":{"start":{"line":7,"column":18},"end":{"line":7,"column":19}},"loc":{"start":{"line":7,"column":34},"end":{"line":20,"column":1}},"line":7}},"branchMap":{},"s":{"0":13,"1":13,"2":1,"3":1,"4":13},"f":{"0":1},"b":{},"_coverageSchema":"1a1c01bbd47fc00a2c39e90264f33305004495a9","hash":"a2a5fd53b36fa56792f295546a0257447d9d869c"}
,"D:\\Universidad\\Junio 2022\\AyD1\\proyecto1_g10\\BackEnd\\utils\\handlePassword.js": {"path":"D:\\Universidad\\Junio 2022\\AyD1\\proyecto1_g10\\BackEnd\\utils\\handlePassword.js","statementMap":{"0":{"start":{"line":1,"column":12},"end":{"line":1,"column":26}},"1":{"start":{"line":8,"column":16},"end":{"line":15,"column":1}},"2":{"start":{"line":9,"column":21},"end":{"line":9,"column":39}},"3":{"start":{"line":11,"column":1},"end":{"line":13,"column":28}},"4":{"start":{"line":12,"column":2},"end":{"line":12,"column":21}},"5":{"start":{"line":13,"column":8},"end":{"line":13,"column":28}},"6":{"start":{"line":14,"column":1},"end":{"line":14,"column":20}},"7":{"start":{"line":17,"column":0},"end":{"line":17,"column":29}}},"fnMap":{"0":{"name":"(anonymous_0)","decl":{"start":{"line":8,"column":16},"end":{"line":8,"column":17}},"loc":{"start":{"line":8,"column":55},"end":{"line":15,"column":1}},"line":8}},"branchMap":{"0":{"loc":{"start":{"line":11,"column":1},"end":{"line":13,"column":28}},"type":"if","locations":[{"start":{"line":11,"column":1},"end":{"line":13,"column":28}},{"start":{"line":13,"column":8},"end":{"line":13,"column":28}}],"line":11}},"s":{"0":13,"1":13,"2":2,"3":2,"4":1,"5":1,"6":2,"7":13},"f":{"0":2},"b":{"0":[1,1]},"_coverageSchema":"1a1c01bbd47fc00a2c39e90264f33305004495a9","hash":"a13cb90a42a1c6dcfb750228913ae484984046af"}
}
