TN:
SF:server.js
FN:37,(anonymous_0)
FNF:1
FNH:1
FNDA:100,(anonymous_0)
DA:1,13
DA:2,13
DA:3,13
DA:5,13
DA:6,13
DA:7,13
DA:8,13
DA:9,13
DA:10,13
DA:11,13
DA:12,13
DA:13,13
DA:14,13
DA:15,13
DA:16,13
DA:17,13
DA:18,13
DA:19,13
DA:20,13
DA:22,13
DA:23,13
DA:25,13
DA:26,13
DA:28,13
DA:34,13
DA:35,13
DA:37,13
DA:38,100
DA:39,100
DA:40,100
DA:41,100
DA:42,100
DA:45,13
DA:46,13
DA:47,13
DA:48,13
DA:49,13
DA:50,13
DA:51,13
DA:52,13
DA:53,13
DA:54,13
DA:55,13
DA:56,13
DA:58,13
DA:59,13
DA:60,13
DA:61,13
DA:63,13
DA:64,13
DA:66,13
DA:67,13
DA:68,13
DA:69,13
DA:70,13
DA:71,13
DA:72,13
DA:73,13
DA:74,13
DA:75,13
DA:76,13
DA:77,13
DA:78,13
DA:79,13
DA:80,13
DA:81,13
DA:82,13
DA:83,13
DA:84,13
DA:85,13
DA:86,13
DA:87,13
DA:88,13
DA:89,13
DA:90,13
DA:91,13
DA:92,13
DA:93,13
DA:94,13
DA:95,13
DA:96,13
DA:97,13
DA:98,13
DA:99,13
DA:100,13
LF:85
LH:85
BRF:0
BRH:0
end_of_record
TN:
SF:config\connectDb.js
FN:14,(anonymous_0)
FN:14,(anonymous_1)
FN:15,(anonymous_2)
FN:19,(anonymous_3)
FNF:4
FNH:4
FNDA:1,(anonymous_0)
FNDA:1,(anonymous_1)
FNDA:1,(anonymous_2)
FNDA:1,(anonymous_3)
DA:2,13
DA:3,13
DA:6,13
DA:14,13
DA:15,1
DA:16,1
DA:17,0
DA:19,1
DA:20,1
DA:21,0
DA:23,1
DA:26,1
DA:32,13
LF:13
LH:11
BRDA:16,0,0,0
BRDA:16,0,1,1
BRDA:20,1,0,0
BRDA:20,1,1,1
BRF:4
BRH:2
end_of_record
TN:
SF:config\connectDb2.js
FN:12,(anonymous_0)
FNF:1
FNH:1
FNDA:12,(anonymous_0)
DA:1,13
DA:2,13
DA:4,13
DA:12,13
DA:13,12
DA:14,12
DA:17,13
LF:7
LH:7
BRDA:13,0,0,0
BRDA:13,0,1,12
BRF:2
BRH:1
end_of_record
TN:
SF:services\Automovil.js
FN:11,reverse
FN:15,(anonymous_1)
FN:53,(anonymous_2)
FN:69,(anonymous_3)
FN:92,(anonymous_4)
FNF:5
FNH:5
FNDA:2,reverse
FNDA:8,(anonymous_1)
FNDA:1,(anonymous_2)
FNDA:2,(anonymous_3)
FNDA:2,(anonymous_4)
DA:1,13
DA:2,13
DA:9,13
DA:12,2
DA:15,13
DA:24,8
DA:25,8
DA:26,1
DA:28,7
DA:29,1
DA:31,6
DA:32,1
DA:34,5
DA:35,1
DA:37,4
DA:38,1
DA:40,3
DA:41,1
DA:43,2
DA:44,1
DA:46,1
DA:48,1
DA:50,1
DA:53,13
DA:54,1
DA:55,1
DA:56,1
DA:58,1
DA:59,81
DA:62,1
DA:63,81
DA:66,1
DA:69,13
DA:80,2
DA:81,2
DA:82,2
DA:83,1
DA:85,1
DA:87,1
DA:89,1
DA:92,13
DA:95,2
DA:96,2
DA:97,2
DA:98,1
DA:101,1
DA:103,1
LF:47
LH:47
BRDA:25,0,0,1
BRDA:25,0,1,7
BRDA:28,1,0,1
BRDA:28,1,1,6
BRDA:31,2,0,1
BRDA:31,2,1,5
BRDA:34,3,0,1
BRDA:34,3,1,4
BRDA:37,4,0,1
BRDA:37,4,1,3
BRDA:40,5,0,1
BRDA:40,5,1,2
BRDA:43,6,0,1
BRDA:43,6,1,1
BRDA:82,7,0,1
BRDA:82,7,1,1
BRDA:97,8,0,1
BRDA:97,8,1,1
BRF:18
BRH:18
end_of_record
TN:
SF:services\FindCity.js
FN:4,(anonymous_0)
FNF:1
FNH:1
FNDA:1,(anonymous_0)
DA:1,13
DA:2,13
DA:4,13
DA:5,1
DA:6,1
DA:7,0
DA:9,1
DA:11,1
DA:12,2
DA:14,1
LF:10
LH:9
BRDA:6,0,0,0
BRDA:6,0,1,1
BRF:2
BRH:1
end_of_record
TN:
SF:services\FindUser.js
FN:5,(anonymous_0)
FN:26,(anonymous_1)
FNF:2
FNH:2
FNDA:2,(anonymous_0)
FNDA:2,(anonymous_1)
DA:1,13
DA:2,13
DA:3,13
DA:5,13
DA:8,2
DA:9,2
DA:10,2
DA:11,1
DA:13,1
DA:23,1
DA:26,13
DA:33,2
DA:34,2
DA:35,2
DA:36,1
DA:38,1
DA:39,1
DA:40,1
DA:41,1
LF:19
LH:19
BRDA:10,0,0,1
BRDA:10,0,1,1
BRDA:35,1,0,1
BRDA:35,1,1,1
BRF:4
BRH:4
end_of_record
TN:
SF:services\GetReservaUsuario.js
FN:8,(anonymous_0)
FNF:1
FNH:1
FNDA:2,(anonymous_0)
DA:1,13
DA:6,13
DA:8,13
DA:11,2
DA:12,2
DA:13,1
DA:15,1
DA:16,1
DA:17,1
DA:18,1
DA:19,1
DA:20,1
DA:23,1
DA:24,0
DA:27,1
DA:28,0
DA:31,1
DA:32,0
DA:34,1
LF:19
LH:16
BRDA:12,0,0,1
BRDA:12,0,1,1
BRF:2
BRH:2
end_of_record
TN:
SF:services\Habitacion.js
FN:11,reverse
FN:15,(anonymous_1)
FN:49,(anonymous_2)
FN:64,(anonymous_3)
FN:84,(anonymous_4)
FNF:5
FNH:5
FNDA:2,reverse
FNDA:8,(anonymous_1)
FNDA:1,(anonymous_2)
FNDA:2,(anonymous_3)
FNDA:2,(anonymous_4)
DA:1,13
DA:2,13
DA:9,13
DA:12,2
DA:15,13
DA:23,8
DA:24,8
DA:25,1
DA:27,7
DA:28,1
DA:30,6
DA:31,1
DA:33,5
DA:34,1
DA:36,4
DA:37,1
DA:39,3
DA:40,2
DA:42,1
DA:44,1
DA:46,1
DA:49,13
DA:50,1
DA:51,1
DA:52,1
DA:54,1
DA:55,45
DA:58,1
DA:59,45
DA:61,1
DA:64,13
DA:72,2
DA:73,2
DA:74,2
DA:75,1
DA:77,1
DA:79,1
DA:81,1
DA:84,13
DA:87,2
DA:88,2
DA:89,2
DA:90,1
DA:93,1
DA:95,1
LF:45
LH:45
BRDA:24,0,0,1
BRDA:24,0,1,7
BRDA:27,1,0,1
BRDA:27,1,1,6
BRDA:30,2,0,1
BRDA:30,2,1,5
BRDA:33,3,0,1
BRDA:33,3,1,4
BRDA:36,4,0,1
BRDA:36,4,1,3
BRDA:39,5,0,2
BRDA:39,5,1,1
BRDA:74,6,0,1
BRDA:74,6,1,1
BRDA:89,7,0,1
BRDA:89,7,1,1
BRF:16
BRH:16
end_of_record
TN:
SF:services\RAutomovil.js
FN:10,reverse
FN:14,(anonymous_1)
FN:45,(anonymous_2)
FN:56,(anonymous_3)
FN:74,(anonymous_4)
FNF:5
FNH:5
FNDA:4,reverse
FNDA:6,(anonymous_1)
FNDA:1,(anonymous_2)
FNDA:2,(anonymous_3)
FNDA:2,(anonymous_4)
DA:1,13
DA:8,13
DA:11,4
DA:14,13
DA:21,6
DA:22,6
DA:23,1
DA:25,5
DA:26,1
DA:28,4
DA:29,1
DA:31,3
DA:32,1
DA:34,2
DA:35,1
DA:37,1
DA:38,1
DA:40,1
DA:42,1
DA:45,13
DA:46,1
DA:47,1
DA:49,1
DA:50,31
DA:53,1
DA:56,13
DA:62,2
DA:63,2
DA:64,2
DA:65,1
DA:67,1
DA:68,1
DA:70,1
DA:71,1
DA:74,13
DA:77,2
DA:78,2
DA:79,2
DA:80,1
DA:83,1
DA:84,1
LF:41
LH:41
BRDA:22,0,0,1
BRDA:22,0,1,5
BRDA:25,1,0,1
BRDA:25,1,1,4
BRDA:28,2,0,1
BRDA:28,2,1,3
BRDA:31,3,0,1
BRDA:31,3,1,2
BRDA:34,4,0,1
BRDA:34,4,1,1
BRDA:64,5,0,1
BRDA:64,5,1,1
BRDA:79,6,0,1
BRDA:79,6,1,1
BRF:14
BRH:14
end_of_record
TN:
SF:services\RHabitacion.js
FN:10,reverse
FN:14,(anonymous_1)
FN:45,(anonymous_2)
FN:56,(anonymous_3)
FN:74,(anonymous_4)
FNF:5
FNH:5
FNDA:4,reverse
FNDA:6,(anonymous_1)
FNDA:1,(anonymous_2)
FNDA:2,(anonymous_3)
FNDA:2,(anonymous_4)
DA:1,13
DA:8,13
DA:11,4
DA:14,13
DA:21,6
DA:22,6
DA:23,1
DA:25,5
DA:26,1
DA:28,4
DA:29,1
DA:31,3
DA:32,1
DA:34,2
DA:35,1
DA:37,1
DA:38,1
DA:40,1
DA:42,1
DA:45,13
DA:46,1
DA:47,1
DA:49,1
DA:50,38
DA:53,1
DA:56,13
DA:62,2
DA:63,2
DA:64,2
DA:65,1
DA:67,1
DA:68,1
DA:70,1
DA:71,1
DA:74,13
DA:77,2
DA:78,2
DA:79,2
DA:80,1
DA:83,1
DA:84,1
LF:41
LH:41
BRDA:22,0,0,1
BRDA:22,0,1,5
BRDA:25,1,0,1
BRDA:25,1,1,4
BRDA:28,2,0,1
BRDA:28,2,1,3
BRDA:31,3,0,1
BRDA:31,3,1,2
BRDA:34,4,0,1
BRDA:34,4,1,1
BRDA:64,5,0,1
BRDA:64,5,1,1
BRDA:79,6,0,1
BRDA:79,6,1,1
BRF:14
BRH:14
end_of_record
TN:
SF:services\RVuelo.js
FN:10,reverse
FN:14,(anonymous_1)
FN:45,(anonymous_2)
FN:56,(anonymous_3)
FN:74,(anonymous_4)
FNF:5
FNH:5
FNDA:4,reverse
FNDA:6,(anonymous_1)
FNDA:1,(anonymous_2)
FNDA:2,(anonymous_3)
FNDA:2,(anonymous_4)
DA:1,13
DA:8,13
DA:11,4
DA:14,13
DA:21,6
DA:22,6
DA:23,1
DA:25,5
DA:26,1
DA:28,4
DA:29,1
DA:31,3
DA:32,1
DA:34,2
DA:35,1
DA:37,1
DA:38,1
DA:40,1
DA:42,1
DA:45,13
DA:46,1
DA:47,1
DA:49,1
DA:50,29
DA:53,1
DA:56,13
DA:62,2
DA:63,2
DA:64,2
DA:65,1
DA:67,1
DA:68,1
DA:70,1
DA:71,1
DA:74,13
DA:77,2
DA:78,2
DA:79,2
DA:80,1
DA:83,1
DA:84,1
LF:41
LH:41
BRDA:22,0,0,1
BRDA:22,0,1,5
BRDA:25,1,0,1
BRDA:25,1,1,4
BRDA:28,2,0,1
BRDA:28,2,1,3
BRDA:31,3,0,1
BRDA:31,3,1,2
BRDA:34,4,0,1
BRDA:34,4,1,1
BRDA:64,5,0,1
BRDA:64,5,1,1
BRDA:79,6,0,1
BRDA:79,6,1,1
BRF:14
BRH:14
end_of_record
TN:
SF:services\RepositorioBD.js
FN:1,registroServicios
FN:6,(anonymous_1)
FNF:2
FNH:1
FNDA:1,registroServicios
FNDA:0,(anonymous_1)
DA:2,1
DA:6,1
DA:7,0
DA:8,0
DA:9,0
DA:14,13
LF:6
LH:3
BRDA:7,0,0,0
BRDA:7,0,1,0
BRF:2
BRH:0
end_of_record
TN:
SF:services\Resenia.js
FN:11,(anonymous_0)
FN:32,(anonymous_1)
FN:43,(anonymous_2)
FN:58,(anonymous_3)
FN:72,(anonymous_4)
FNF:5
FNH:5
FNDA:4,(anonymous_0)
FNDA:1,(anonymous_1)
FNDA:2,(anonymous_2)
FNDA:2,(anonymous_3)
FNDA:2,(anonymous_4)
DA:1,13
DA:9,13
DA:11,13
DA:16,4
DA:17,4
DA:18,1
DA:20,3
DA:21,1
DA:23,2
DA:24,1
DA:27,1
DA:29,1
DA:32,13
DA:33,1
DA:34,1
DA:36,1
DA:37,50
DA:40,1
DA:43,13
DA:47,2
DA:48,2
DA:49,2
DA:50,1
DA:53,1
DA:55,1
DA:58,13
DA:61,2
DA:62,2
DA:63,2
DA:64,1
DA:67,1
DA:69,1
DA:72,13
DA:75,2
DA:76,2
DA:77,2
DA:78,1
DA:80,1
DA:82,1
DA:83,2
DA:86,1
LF:41
LH:41
BRDA:17,0,0,1
BRDA:17,0,1,3
BRDA:20,1,0,1
BRDA:20,1,1,2
BRDA:23,2,0,1
BRDA:23,2,1,1
BRDA:49,3,0,1
BRDA:49,3,1,1
BRDA:63,4,0,1
BRDA:63,4,1,1
BRDA:77,5,0,1
BRDA:77,5,1,1
BRF:12
BRH:12
end_of_record
TN:
SF:services\Vuelo.js
FN:11,reverse
FN:15,(anonymous_1)
FN:49,(anonymous_2)
FN:65,(anonymous_3)
FN:86,(anonymous_4)
FNF:5
FNH:5
FNDA:2,reverse
FNDA:7,(anonymous_1)
FNDA:1,(anonymous_2)
FNDA:2,(anonymous_3)
FNDA:2,(anonymous_4)
DA:1,13
DA:2,13
DA:9,13
DA:12,2
DA:15,13
DA:23,7
DA:24,7
DA:25,1
DA:27,6
DA:28,1
DA:30,5
DA:31,1
DA:33,4
DA:34,1
DA:36,3
DA:37,1
DA:39,2
DA:40,1
DA:42,1
DA:44,1
DA:46,1
DA:49,13
DA:50,1
DA:51,1
DA:52,1
DA:54,1
DA:55,48
DA:58,1
DA:59,48
DA:62,1
DA:65,13
DA:74,2
DA:75,2
DA:76,2
DA:77,1
DA:79,1
DA:81,1
DA:83,1
DA:86,13
DA:89,2
DA:90,2
DA:91,2
DA:92,1
DA:95,1
DA:97,1
LF:45
LH:45
BRDA:24,0,0,1
BRDA:24,0,1,6
BRDA:27,1,0,1
BRDA:27,1,1,5
BRDA:30,2,0,1
BRDA:30,2,1,4
BRDA:33,3,0,1
BRDA:33,3,1,3
BRDA:36,4,0,1
BRDA:36,4,1,2
BRDA:39,5,0,1
BRDA:39,5,1,1
BRDA:76,6,0,1
BRDA:76,6,1,1
BRDA:91,7,0,1
BRDA:91,7,1,1
BRF:16
BRH:16
end_of_record
TN:
SF:services\auth.js
FN:19,(anonymous_0)
FNF:1
FNH:1
FNDA:4,(anonymous_0)
DA:2,13
DA:3,13
DA:4,13
DA:5,13
DA:6,13
DA:19,13
DA:22,4
DA:23,4
DA:24,4
DA:25,1
DA:27,3
DA:28,1
DA:30,2
DA:31,2
DA:32,2
DA:33,1
DA:36,1
DA:47,1
LF:18
LH:18
BRDA:24,0,0,1
BRDA:24,0,1,3
BRDA:27,1,0,1
BRDA:27,1,1,2
BRDA:32,2,0,1
BRDA:32,2,1,1
BRF:6
BRH:6
end_of_record
TN:
SF:services\funtionsDb.js
FN:4,(anonymous_0)
FN:12,(anonymous_1)
FN:12,(anonymous_2)
FN:14,(anonymous_3)
FN:21,(anonymous_4)
FN:21,(anonymous_5)
FN:23,(anonymous_6)
FN:29,(anonymous_7)
FN:29,(anonymous_8)
FN:33,(anonymous_9)
FN:40,(anonymous_10)
FN:40,(anonymous_11)
FN:43,(anonymous_12)
FN:50,(anonymous_13)
FN:50,(anonymous_14)
FN:53,(anonymous_15)
FN:60,(anonymous_16)
FN:66,(anonymous_17)
FN:72,(anonymous_18)
FN:79,(anonymous_19)
FN:95,(anonymous_20)
FN:109,(anonymous_21)
FN:124,(anonymous_22)
FN:142,(anonymous_23)
FN:153,(anonymous_24)
FN:163,(anonymous_25)
FN:163,(anonymous_26)
FN:166,(anonymous_27)
FN:172,(anonymous_28)
FN:172,(anonymous_29)
FN:175,(anonymous_30)
FN:182,(anonymous_31)
FN:182,(anonymous_32)
FN:185,(anonymous_33)
FN:191,(anonymous_34)
FN:191,(anonymous_35)
FN:193,(anonymous_36)
FN:199,(anonymous_37)
FN:199,(anonymous_38)
FN:203,(anonymous_39)
FN:210,(anonymous_40)
FN:210,(anonymous_41)
FN:212,(anonymous_42)
FN:219,(anonymous_43)
FN:219,(anonymous_44)
FN:222,(anonymous_45)
FN:229,(anonymous_46)
FN:229,(anonymous_47)
FN:232,(anonymous_48)
FN:238,(anonymous_49)
FN:238,(anonymous_50)
FN:242,(anonymous_51)
FN:249,(anonymous_52)
FN:249,(anonymous_53)
FN:251,(anonymous_54)
FN:258,(anonymous_55)
FN:258,(anonymous_56)
FN:260,(anonymous_57)
FN:266,(anonymous_58)
FN:266,(anonymous_59)
FN:269,(anonymous_60)
FN:276,(anonymous_61)
FN:276,(anonymous_62)
FN:279,(anonymous_63)
FN:285,(anonymous_64)
FN:285,(anonymous_65)
FN:289,(anonymous_66)
FN:296,(anonymous_67)
FN:296,(anonymous_68)
FN:298,(anonymous_69)
FN:305,(anonymous_70)
FN:305,(anonymous_71)
FN:307,(anonymous_72)
FN:313,(anonymous_73)
FN:313,(anonymous_74)
FN:316,(anonymous_75)
FN:323,(anonymous_76)
FN:323,(anonymous_77)
FN:326,(anonymous_78)
FN:332,(anonymous_79)
FN:332,(anonymous_80)
FN:334,(anonymous_81)
FN:340,(anonymous_82)
FN:340,(anonymous_83)
FN:344,(anonymous_84)
FN:351,(anonymous_85)
FN:351,(anonymous_86)
FN:353,(anonymous_87)
FN:360,(anonymous_88)
FN:360,(anonymous_89)
FN:363,(anonymous_90)
FN:370,(anonymous_91)
FN:370,(anonymous_92)
FN:373,(anonymous_93)
FN:379,(anonymous_94)
FN:379,(anonymous_95)
FN:381,(anonymous_96)
FN:387,(anonymous_97)
FN:387,(anonymous_98)
FN:391,(anonymous_99)
FN:398,(anonymous_100)
FN:398,(anonymous_101)
FN:400,(anonymous_102)
FN:407,(anonymous_103)
FN:407,(anonymous_104)
FN:410,(anonymous_105)
FN:417,(anonymous_106)
FN:417,(anonymous_107)
FN:420,(anonymous_108)
FN:426,(anonymous_109)
FN:426,(anonymous_110)
FN:428,(anonymous_111)
FN:434,(anonymous_112)
FN:434,(anonymous_113)
FN:438,(anonymous_114)
FN:445,(anonymous_115)
FN:445,(anonymous_116)
FN:447,(anonymous_117)
FN:454,(anonymous_118)
FN:454,(anonymous_119)
FN:456,(anonymous_120)
FN:462,(anonymous_121)
FN:462,(anonymous_122)
FN:464,(anonymous_123)
FN:470,(anonymous_124)
FN:470,(anonymous_125)
FN:472,(anonymous_126)
FN:478,(anonymous_127)
FN:478,(anonymous_128)
FN:481,(anonymous_129)
FN:488,(anonymous_130)
FN:488,(anonymous_131)
FN:491,(anonymous_132)
FN:497,(anonymous_133)
FN:497,(anonymous_134)
FN:499,(anonymous_135)
FN:505,(anonymous_136)
FN:505,(anonymous_137)
FN:507,(anonymous_138)
FN:514,(anonymous_139)
FN:514,(anonymous_140)
FN:516,(anonymous_141)
FN:523,(anonymous_142)
FN:523,(anonymous_143)
FN:525,(anonymous_144)
FNF:145
FNH:130
FNDA:1,(anonymous_0)
FNDA:4,(anonymous_1)
FNDA:4,(anonymous_2)
FNDA:4,(anonymous_3)
FNDA:4,(anonymous_4)
FNDA:4,(anonymous_5)
FNDA:4,(anonymous_6)
FNDA:1,(anonymous_7)
FNDA:1,(anonymous_8)
FNDA:1,(anonymous_9)
FNDA:0,(anonymous_10)
FNDA:0,(anonymous_11)
FNDA:0,(anonymous_12)
FNDA:0,(anonymous_13)
FNDA:0,(anonymous_14)
FNDA:0,(anonymous_15)
FNDA:0,(anonymous_16)
FNDA:0,(anonymous_17)
FNDA:0,(anonymous_18)
FNDA:0,(anonymous_19)
FNDA:0,(anonymous_20)
FNDA:0,(anonymous_21)
FNDA:0,(anonymous_22)
FNDA:0,(anonymous_23)
FNDA:0,(anonymous_24)
FNDA:1,(anonymous_25)
FNDA:1,(anonymous_26)
FNDA:1,(anonymous_27)
FNDA:1,(anonymous_28)
FNDA:1,(anonymous_29)
FNDA:1,(anonymous_30)
FNDA:1,(anonymous_31)
FNDA:1,(anonymous_32)
FNDA:1,(anonymous_33)
FNDA:4,(anonymous_34)
FNDA:4,(anonymous_35)
FNDA:4,(anonymous_36)
FNDA:1,(anonymous_37)
FNDA:1,(anonymous_38)
FNDA:1,(anonymous_39)
FNDA:1,(anonymous_40)
FNDA:1,(anonymous_41)
FNDA:1,(anonymous_42)
FNDA:1,(anonymous_43)
FNDA:1,(anonymous_44)
FNDA:1,(anonymous_45)
FNDA:1,(anonymous_46)
FNDA:1,(anonymous_47)
FNDA:1,(anonymous_48)
FNDA:1,(anonymous_49)
FNDA:1,(anonymous_50)
FNDA:1,(anonymous_51)
FNDA:1,(anonymous_52)
FNDA:1,(anonymous_53)
FNDA:1,(anonymous_54)
FNDA:4,(anonymous_55)
FNDA:4,(anonymous_56)
FNDA:4,(anonymous_57)
FNDA:1,(anonymous_58)
FNDA:1,(anonymous_59)
FNDA:1,(anonymous_60)
FNDA:1,(anonymous_61)
FNDA:1,(anonymous_62)
FNDA:1,(anonymous_63)
FNDA:1,(anonymous_64)
FNDA:1,(anonymous_65)
FNDA:1,(anonymous_66)
FNDA:1,(anonymous_67)
FNDA:1,(anonymous_68)
FNDA:1,(anonymous_69)
FNDA:4,(anonymous_70)
FNDA:4,(anonymous_71)
FNDA:4,(anonymous_72)
FNDA:1,(anonymous_73)
FNDA:1,(anonymous_74)
FNDA:1,(anonymous_75)
FNDA:1,(anonymous_76)
FNDA:1,(anonymous_77)
FNDA:1,(anonymous_78)
FNDA:4,(anonymous_79)
FNDA:4,(anonymous_80)
FNDA:4,(anonymous_81)
FNDA:1,(anonymous_82)
FNDA:1,(anonymous_83)
FNDA:1,(anonymous_84)
FNDA:1,(anonymous_85)
FNDA:1,(anonymous_86)
FNDA:1,(anonymous_87)
FNDA:1,(anonymous_88)
FNDA:1,(anonymous_89)
FNDA:1,(anonymous_90)
FNDA:1,(anonymous_91)
FNDA:1,(anonymous_92)
FNDA:1,(anonymous_93)
FNDA:4,(anonymous_94)
FNDA:4,(anonymous_95)
FNDA:4,(anonymous_96)
FNDA:1,(anonymous_97)
FNDA:1,(anonymous_98)
FNDA:1,(anonymous_99)
FNDA:1,(anonymous_100)
FNDA:1,(anonymous_101)
FNDA:1,(anonymous_102)
FNDA:1,(anonymous_103)
FNDA:1,(anonymous_104)
FNDA:1,(anonymous_105)
FNDA:1,(anonymous_106)
FNDA:1,(anonymous_107)
FNDA:1,(anonymous_108)
FNDA:4,(anonymous_109)
FNDA:4,(anonymous_110)
FNDA:4,(anonymous_111)
FNDA:1,(anonymous_112)
FNDA:1,(anonymous_113)
FNDA:1,(anonymous_114)
FNDA:1,(anonymous_115)
FNDA:1,(anonymous_116)
FNDA:1,(anonymous_117)
FNDA:1,(anonymous_118)
FNDA:1,(anonymous_119)
FNDA:1,(anonymous_120)
FNDA:1,(anonymous_121)
FNDA:1,(anonymous_122)
FNDA:1,(anonymous_123)
FNDA:1,(anonymous_124)
FNDA:1,(anonymous_125)
FNDA:1,(anonymous_126)
FNDA:1,(anonymous_127)
FNDA:1,(anonymous_128)
FNDA:1,(anonymous_129)
FNDA:1,(anonymous_130)
FNDA:1,(anonymous_131)
FNDA:1,(anonymous_132)
FNDA:4,(anonymous_133)
FNDA:4,(anonymous_134)
FNDA:4,(anonymous_135)
FNDA:1,(anonymous_136)
FNDA:1,(anonymous_137)
FNDA:1,(anonymous_138)
FNDA:1,(anonymous_139)
FNDA:1,(anonymous_140)
FNDA:1,(anonymous_141)
FNDA:2,(anonymous_142)
FNDA:2,(anonymous_143)
FNDA:2,(anonymous_144)
DA:2,13
DA:4,13
DA:5,1
DA:8,1
DA:9,1
DA:12,13
DA:13,4
DA:14,4
DA:15,4
DA:16,4
DA:17,4
DA:21,13
DA:22,4
DA:23,4
DA:24,4
DA:25,4
DA:29,13
DA:30,1
DA:31,1
DA:33,1
DA:34,1
DA:35,1
DA:36,1
DA:40,13
DA:41,0
DA:43,0
DA:44,0
DA:45,0
DA:46,0
DA:50,13
DA:51,0
DA:53,0
DA:54,0
DA:55,0
DA:56,0
DA:60,13
DA:61,0
DA:62,0
DA:63,0
DA:66,13
DA:67,0
DA:68,0
DA:69,0
DA:72,13
DA:73,0
DA:74,0
DA:75,0
DA:79,13
DA:80,0
DA:91,0
DA:92,0
DA:95,13
DA:96,0
DA:105,0
DA:106,0
DA:109,13
DA:110,0
DA:120,0
DA:121,0
DA:124,13
DA:125,0
DA:136,0
DA:137,0
DA:142,13
DA:143,0
DA:149,0
DA:150,0
DA:153,13
DA:154,0
DA:159,0
DA:160,0
DA:163,13
DA:164,1
DA:166,1
DA:167,1
DA:168,1
DA:172,13
DA:173,1
DA:175,1
DA:176,1
DA:177,1
DA:178,1
DA:182,13
DA:184,1
DA:185,1
DA:186,1
DA:187,1
DA:191,13
DA:192,4
DA:193,4
DA:194,4
DA:195,4
DA:199,13
DA:200,1
DA:201,1
DA:203,1
DA:204,1
DA:205,1
DA:206,1
DA:210,13
DA:211,1
DA:212,1
DA:213,1
DA:214,1
DA:215,1
DA:219,13
DA:220,1
DA:222,1
DA:223,1
DA:224,1
DA:225,1
DA:229,13
DA:231,1
DA:232,1
DA:233,1
DA:234,1
DA:238,13
DA:239,1
DA:240,1
DA:242,1
DA:243,1
DA:244,1
DA:245,1
DA:249,13
DA:250,1
DA:251,1
DA:252,1
DA:253,1
DA:254,1
DA:258,13
DA:259,4
DA:260,4
DA:261,4
DA:262,4
DA:266,13
DA:267,1
DA:269,1
DA:270,1
DA:271,1
DA:272,1
DA:276,13
DA:278,1
DA:279,1
DA:280,1
DA:281,1
DA:285,13
DA:286,1
DA:287,1
DA:289,1
DA:290,1
DA:291,1
DA:292,1
DA:296,13
DA:297,1
DA:298,1
DA:299,1
DA:300,1
DA:301,1
DA:305,13
DA:306,4
DA:307,4
DA:308,4
DA:309,4
DA:313,13
DA:314,1
DA:316,1
DA:317,1
DA:318,1
DA:319,1
DA:323,13
DA:325,1
DA:326,1
DA:327,1
DA:328,1
DA:332,13
DA:333,4
DA:334,4
DA:335,4
DA:336,4
DA:340,13
DA:341,1
DA:342,1
DA:344,1
DA:345,1
DA:346,1
DA:347,1
DA:351,13
DA:352,1
DA:353,1
DA:354,1
DA:355,1
DA:356,1
DA:360,13
DA:361,1
DA:363,1
DA:364,1
DA:365,1
DA:366,1
DA:370,13
DA:372,1
DA:373,1
DA:374,1
DA:375,1
DA:379,13
DA:380,4
DA:381,4
DA:382,4
DA:383,4
DA:387,13
DA:388,1
DA:389,1
DA:391,1
DA:392,1
DA:393,1
DA:394,1
DA:398,13
DA:399,1
DA:400,1
DA:401,1
DA:402,1
DA:403,1
DA:407,13
DA:408,1
DA:410,1
DA:411,1
DA:412,1
DA:413,1
DA:417,13
DA:419,1
DA:420,1
DA:421,1
DA:422,1
DA:426,13
DA:427,4
DA:428,4
DA:429,4
DA:430,4
DA:434,13
DA:435,1
DA:436,1
DA:438,1
DA:439,1
DA:440,1
DA:441,1
DA:445,13
DA:446,1
DA:447,1
DA:448,1
DA:449,1
DA:450,1
DA:454,13
DA:455,1
DA:456,1
DA:457,1
DA:458,1
DA:462,13
DA:463,1
DA:464,1
DA:465,1
DA:466,1
DA:470,13
DA:471,1
DA:472,1
DA:473,1
DA:474,1
DA:478,13
DA:479,1
DA:481,1
DA:482,1
DA:483,1
DA:484,1
DA:488,13
DA:490,1
DA:491,1
DA:492,1
DA:493,1
DA:497,13
DA:498,4
DA:499,4
DA:500,4
DA:501,4
DA:505,13
DA:506,1
DA:507,1
DA:508,1
DA:509,1
DA:510,1
DA:514,13
DA:515,1
DA:516,1
DA:517,1
DA:518,1
DA:519,1
DA:523,13
DA:524,2
DA:525,2
DA:526,2
DA:527,2
DA:531,13
LF:299
LH:262
BRDA:15,0,0,0
BRDA:15,0,1,4
BRDA:24,1,0,0
BRDA:24,1,1,4
BRDA:34,2,0,0
BRDA:34,2,1,1
BRDA:44,3,0,0
BRDA:44,3,1,0
BRDA:54,4,0,0
BRDA:54,4,1,0
BRDA:167,5,0,0
BRDA:167,5,1,1
BRDA:176,6,0,0
BRDA:176,6,1,1
BRDA:186,7,0,0
BRDA:186,7,1,1
BRDA:194,8,0,0
BRDA:194,8,1,4
BRDA:204,9,0,0
BRDA:204,9,1,1
BRDA:213,10,0,0
BRDA:213,10,1,1
BRDA:223,11,0,0
BRDA:223,11,1,1
BRDA:233,12,0,0
BRDA:233,12,1,1
BRDA:243,13,0,0
BRDA:243,13,1,1
BRDA:252,14,0,0
BRDA:252,14,1,1
BRDA:261,15,0,0
BRDA:261,15,1,4
BRDA:270,16,0,0
BRDA:270,16,1,1
BRDA:280,17,0,0
BRDA:280,17,1,1
BRDA:290,18,0,0
BRDA:290,18,1,1
BRDA:299,19,0,0
BRDA:299,19,1,1
BRDA:308,20,0,0
BRDA:308,20,1,4
BRDA:317,21,0,0
BRDA:317,21,1,1
BRDA:327,22,0,0
BRDA:327,22,1,1
BRDA:335,23,0,0
BRDA:335,23,1,4
BRDA:345,24,0,0
BRDA:345,24,1,1
BRDA:354,25,0,0
BRDA:354,25,1,1
BRDA:364,26,0,0
BRDA:364,26,1,1
BRDA:374,27,0,0
BRDA:374,27,1,1
BRDA:382,28,0,0
BRDA:382,28,1,4
BRDA:392,29,0,0
BRDA:392,29,1,1
BRDA:401,30,0,0
BRDA:401,30,1,1
BRDA:411,31,0,0
BRDA:411,31,1,1
BRDA:421,32,0,0
BRDA:421,32,1,1
BRDA:429,33,0,0
BRDA:429,33,1,4
BRDA:439,34,0,0
BRDA:439,34,1,1
BRDA:448,35,0,0
BRDA:448,35,1,1
BRDA:457,36,0,0
BRDA:457,36,1,1
BRDA:465,37,0,0
BRDA:465,37,1,1
BRDA:473,38,0,0
BRDA:473,38,1,1
BRDA:482,39,0,0
BRDA:482,39,1,1
BRDA:492,40,0,0
BRDA:492,40,1,1
BRDA:500,41,0,0
BRDA:500,41,1,4
BRDA:508,42,0,0
BRDA:508,42,1,1
BRDA:517,43,0,0
BRDA:517,43,1,1
BRDA:526,44,0,0
BRDA:526,44,1,2
BRF:90
BRH:43
end_of_record
TN:
SF:services\registerService.js
FN:10,x
FNF:1
FNH:1
FNDA:4,x
DA:1,13
DA:2,13
DA:4,13
DA:10,13
DA:13,4
DA:17,4
DA:18,1
DA:19,3
DA:20,1
DA:21,2
DA:22,1
DA:24,1
DA:25,1
LF:13
LH:13
BRDA:17,0,0,1
BRDA:17,0,1,3
BRDA:19,1,0,1
BRDA:19,1,1,2
BRDA:21,2,0,1
BRDA:21,2,1,1
BRF:6
BRH:6
end_of_record
TN:
SF:services\registroServicio.js
FN:5,(anonymous_0)
FNF:1
FNH:1
FNDA:3,(anonymous_0)
DA:1,13
DA:2,13
DA:3,13
DA:5,13
DA:8,3
DA:9,3
DA:10,1
DA:12,2
DA:13,1
DA:15,1
DA:16,1
LF:11
LH:11
BRDA:9,0,0,1
BRDA:9,0,1,2
BRDA:9,1,0,3
BRDA:9,1,1,1
BRDA:12,2,0,1
BRDA:12,2,1,1
BRF:6
BRH:6
end_of_record
TN:
SF:utils\data.js
FNF:0
FNH:0
DA:1,13
DA:6,13
DA:12,13
LF:3
LH:3
BRF:0
BRH:0
end_of_record
TN:
SF:utils\handleJwt.js
FN:7,(anonymous_0)
FNF:1
FNH:1
FNDA:1,(anonymous_0)
DA:1,13
DA:7,13
DA:8,1
DA:19,1
DA:33,13
LF:5
LH:5
BRF:0
BRH:0
end_of_record
TN:
SF:utils\handlePassword.js
FN:8,(anonymous_0)
FNF:1
FNH:1
FNDA:2,(anonymous_0)
DA:1,13
DA:8,13
DA:9,2
DA:11,2
DA:12,1
DA:13,1
DA:14,2
DA:17,13
LF:8
LH:8
BRDA:11,0,0,1
BRDA:11,0,1,1
BRF:2
BRH:2
end_of_record
